Using pre-set license
Built from '2020.3/release' branch; Version is '2020.3.12f1 (b3b2c6512326) revision 11776710'; Using compiler version '192528614'; Build Type 'Release'
OS: 'Windows 10 Home; OS build 19043.1110; Version 2009; 64bit' Language: 'en' Physical Memory: 15741 MB
BatchMode: 1, IsHumanControllingUs: 0, StartBugReporterOnCrash: 0, Is64bit: 1, IsPro: 0

 COMMAND LINE ARGUMENTS:
D:\Unity\Editor\Unity.exe
-adb2
-batchMode
-noUpm
-name
AssetImportWorker0
-projectPath
D:/Coop game/First_demo/Coop game
-logFile
Logs/AssetImportWorker0.log
-srvPort
12645
Successfully changed project path to: D:/Coop game/First_demo/Coop game
D:/Coop game/First_demo/Coop game
Using Asset Import Pipeline V2.
Refreshing native plugins compatible for Editor in 44.78 ms, found 3 plugins.
Preloading 0 native plugins for Editor in 0.00 ms.
Initialize engine version: 2020.3.12f1 (b3b2c6512326)
[Subsystems] Discovering subsystems at path D:/Unity/Editor/Data/Resources/UnitySubsystems
[Subsystems] Discovering subsystems at path D:/Coop game/First_demo/Coop game/Assets
GfxDevice: creating device client; threaded=0
Direct3D:
    Version:  Direct3D 11.0 [level 11.1]
    Renderer: NVIDIA GeForce GTX 1650 (ID=0x1f99)
    Vendor:   
    VRAM:     3962 MB
    Driver:   27.21.14.5749
Initialize mono
Mono path[0] = 'D:/Unity/Editor/Data/Managed'
Mono path[1] = 'D:/Unity/Editor/Data/MonoBleedingEdge/lib/mono/unityjit'
Mono config path = 'D:/Unity/Editor/Data/MonoBleedingEdge/etc'
Using monoOptions --debugger-agent=transport=dt_socket,embedding=1,server=y,suspend=n,address=127.0.0.1:56032
Begin MonoManager ReloadAssembly
Registering precompiled unity dll's ...
Register platform support module: D:/Unity/Editor/Data/PlaybackEngines/WindowsStandaloneSupport/UnityEditor.WindowsStandalone.Extensions.dll
Registered in 0.001171 seconds.
Native extension for WindowsStandalone target not found
Refreshing native plugins compatible for Editor in 45.44 ms, found 3 plugins.
Preloading 0 native plugins for Editor in 0.00 ms.
Mono: successfully reloaded assembly
- Completed reload, in  0.757 seconds
Platform modules already initialized, skipping
Registering precompiled user dll's ...
Registered in 0.005153 seconds.
Begin MonoManager ReloadAssembly
Symbol file LoadedFromMemory doesn't match image D:\Coop game\First_demo\Coop game\Assets\Photon\PhotonLibs\netstandard2.0\Photon3Unity3D.dll
Native extension for WindowsStandalone target not found
Refreshing native plugins compatible for Editor in 48.54 ms, found 3 plugins.
Preloading 0 native plugins for Editor in 0.00 ms.
Mono: successfully reloaded assembly
- Completed reload, in  1.069 seconds
Platform modules already initialized, skipping
========================================================================
Worker process is ready to serve import requests
Launched and connected shader compiler UnityShaderCompiler.exe after 0.05 seconds
Refreshing native plugins compatible for Editor in 0.58 ms, found 3 plugins.
Preloading 0 native plugins for Editor in 0.00 ms.
Unloading 2328 Unused Serialized files (Serialized files now loaded: 0)
System memory in use before: 101.0 MB.
System memory in use after: 101.1 MB.

Unloading 44 unused Assets to reduce memory usage. Loaded Objects now: 2755.
Total: 2.254900 ms (FindLiveObjects: 0.260300 ms CreateObjectMapping: 0.056000 ms MarkObjects: 1.810800 ms  DeleteObjects: 0.124300 ms)

AssetImportParameters requested are different than current active one (requested -> active):
  custom:framework-win-MediaFoundation: 216162199b28c13a410421893ffa2e32 -> 
  custom:video-decoder-ogg-theora: a1e56fd34408186e4bbccfd4996cb3dc -> 
  custom:container-muxer-webm: aa71ff27fc2769a1b78a27578f13a17b -> 
  custom:container-demuxer-webm: 4f35f7cbe854078d1ac9338744f61a02 -> 
  custom:container-demuxer-ogg: 62fdf1f143b41e24485cea50d1cbac27 -> 
  custom:video-encoder-webm-vp8: eb34c28f22e8b96e1ab97ce403110664 -> 
  custom:video-decoder-webm-vp8: 9c59270c3fd7afecdb556c50c9e8de78 -> 
  custom:audio-decoder-ogg-vorbis: bf7c407c2cedff20999df2af8eb42d56 -> 
  custom:audio-encoder-webm-vorbis: bf7c407c2cedff20999df2af8eb42d56 -> 
========================================================================
Received Import Request.
  path: Assets/Project Files/Scripts/MongoUtils/Model_User.cs
  artifactKey: Guid(44c11733fd56982499d6df649f83a51a) Importer(815301076,1909f56bfc062723c751e8b465ee728b)
Start importing Assets/Project Files/Scripts/MongoUtils/Model_User.cs using Guid(44c11733fd56982499d6df649f83a51a) Importer(815301076,1909f56bfc062723c751e8b465ee728b)  -> (artifact id: '6f3339d1fb9aecc90b07b80d59904417') in 0.021783 seconds 
  Import took 0.025151 seconds .

========================================================================
Received Import Request.
  Time since last request: 3.703308 seconds.
  path: Assets/Project Files/Scripts/MongoUtils/DnsClient.dll
  artifactKey: Guid(64ace43f9c6b4914b993e606e64bb9b8) Importer(815301076,1909f56bfc062723c751e8b465ee728b)
Start importing Assets/Project Files/Scripts/MongoUtils/DnsClient.dll using Guid(64ace43f9c6b4914b993e606e64bb9b8) Importer(815301076,1909f56bfc062723c751e8b465ee728b)  -> (artifact id: '105af75021b15d3c938d5be8d5357b68') in 0.006553 seconds 
  Import took 0.010831 seconds .

========================================================================
Received Import Request.
  Time since last request: 0.010744 seconds.
  path: Assets/Project Files/Scripts/MongoUtils/DnsClient.dll
  artifactKey: Guid(64ace43f9c6b4914b993e606e64bb9b8) Importer(815301076,1909f56bfc062723c751e8b465ee728b)
Start importing Assets/Project Files/Scripts/MongoUtils/DnsClient.dll using Guid(64ace43f9c6b4914b993e606e64bb9b8) Importer(815301076,1909f56bfc062723c751e8b465ee728b)  -> (artifact id: '105af75021b15d3c938d5be8d5357b68') in 0.001449 seconds 
  Import took 0.005272 seconds .

========================================================================
Received Import Request.
  Time since last request: 43.173915 seconds.
  path: Assets/Project Files/Scripts/Health.cs
  artifactKey: Guid(b0bef04635fc1a84ba331a421a76220a) Importer(815301076,1909f56bfc062723c751e8b465ee728b)
Start importing Assets/Project Files/Scripts/Health.cs using Guid(b0bef04635fc1a84ba331a421a76220a) Importer(815301076,1909f56bfc062723c751e8b465ee728b)  -> (artifact id: 'be2452c9fedae13eecd27cede942b640') in 0.001503 seconds 
  Import took 0.004661 seconds .

========================================================================
Received Import Request.
  Time since last request: 0.024894 seconds.
  path: Assets/Project Files/Scripts/Health.cs
  artifactKey: Guid(b0bef04635fc1a84ba331a421a76220a) Importer(815301076,1909f56bfc062723c751e8b465ee728b)
Start importing Assets/Project Files/Scripts/Health.cs using Guid(b0bef04635fc1a84ba331a421a76220a) Importer(815301076,1909f56bfc062723c751e8b465ee728b)  -> (artifact id: 'be2452c9fedae13eecd27cede942b640') in 0.001373 seconds 
  Import took 0.005578 seconds .

========================================================================
Received Import Request.
  Time since last request: 74.186534 seconds.
  path: Assets/Project Files/Scripts/Health.cs
  artifactKey: Guid(b0bef04635fc1a84ba331a421a76220a) Importer(815301076,1909f56bfc062723c751e8b465ee728b)
Start importing Assets/Project Files/Scripts/Health.cs using Guid(b0bef04635fc1a84ba331a421a76220a) Importer(815301076,1909f56bfc062723c751e8b465ee728b)  -> (artifact id: '5c30416dfb795b63ae6224b8ba460a87') in 0.002277 seconds 
  Import took 0.006109 seconds .

========================================================================
Received Import Request.
  Time since last request: 491.927188 seconds.
  path: Assets/Project Files/Scripts/Health.cs
  artifactKey: Guid(b0bef04635fc1a84ba331a421a76220a) Importer(815301076,1909f56bfc062723c751e8b465ee728b)
Start importing Assets/Project Files/Scripts/Health.cs using Guid(b0bef04635fc1a84ba331a421a76220a) Importer(815301076,1909f56bfc062723c751e8b465ee728b)  -> (artifact id: 'ecf30a610685459ce4c8ac773c13561b') in 0.001475 seconds 
  Import took 0.005724 seconds .

========================================================================
Received Import Request.
  Time since last request: 0.013388 seconds.
  path: Assets/Project Files/Scripts/Health.cs
  artifactKey: Guid(b0bef04635fc1a84ba331a421a76220a) Importer(815301076,1909f56bfc062723c751e8b465ee728b)
Start importing Assets/Project Files/Scripts/Health.cs using Guid(b0bef04635fc1a84ba331a421a76220a) Importer(815301076,1909f56bfc062723c751e8b465ee728b)  -> (artifact id: 'ecf30a610685459ce4c8ac773c13561b') in 0.001505 seconds 
  Import took 0.005619 seconds .

========================================================================
Received Import Request.
  Time since last request: 24.454247 seconds.
  path: Assets/Project Files/Scripts/Health.cs
  artifactKey: Guid(b0bef04635fc1a84ba331a421a76220a) Importer(815301076,1909f56bfc062723c751e8b465ee728b)
Start importing Assets/Project Files/Scripts/Health.cs using Guid(b0bef04635fc1a84ba331a421a76220a) Importer(815301076,1909f56bfc062723c751e8b465ee728b)  -> (artifact id: 'ddf9c8bb9bc3c912fda054ae8b1c7b7e') in 0.001497 seconds 
  Import took 0.004910 seconds .

========================================================================
Received Import Request.
  Time since last request: 22.091989 seconds.
  path: Assets/Project Files/Scripts/Health.cs
  artifactKey: Guid(b0bef04635fc1a84ba331a421a76220a) Importer(815301076,1909f56bfc062723c751e8b465ee728b)
Start importing Assets/Project Files/Scripts/Health.cs using Guid(b0bef04635fc1a84ba331a421a76220a) Importer(815301076,1909f56bfc062723c751e8b465ee728b)  -> (artifact id: '546f2f708f78349619eea55140dd4c62') in 0.001597 seconds 
  Import took 0.005141 seconds .

========================================================================
Received Import Request.
  Time since last request: 122.394346 seconds.
  path: Assets/Project Files/Scripts/GameOver.cs
  artifactKey: Guid(f1e1b4b20225a024fa61e1b8f2a356e1) Importer(815301076,1909f56bfc062723c751e8b465ee728b)
Start importing Assets/Project Files/Scripts/GameOver.cs using Guid(f1e1b4b20225a024fa61e1b8f2a356e1) Importer(815301076,1909f56bfc062723c751e8b465ee728b)  -> (artifact id: 'bc06e82b71b533c6bdc4af791c0347a7') in 0.001363 seconds 
  Import took 0.005251 seconds .

========================================================================
Received Import Request.
  Time since last request: 4.109769 seconds.
  path: Assets/Project Files/Scripts/PlayerScripts/PlayerController.cs
  artifactKey: Guid(923b182de7cb8234cba17417316aa52c) Importer(815301076,1909f56bfc062723c751e8b465ee728b)
Start importing Assets/Project Files/Scripts/PlayerScripts/PlayerController.cs using Guid(923b182de7cb8234cba17417316aa52c) Importer(815301076,1909f56bfc062723c751e8b465ee728b)  -> (artifact id: '9b3ce9e9497b3aed691c278c0fe97567') in 0.001541 seconds 
  Import took 0.005265 seconds .

========================================================================
Received Import Request.
  Time since last request: 0.000412 seconds.
  path: Assets/Project Files/Scripts/PlayerScripts/PlayerController.cs
  artifactKey: Guid(923b182de7cb8234cba17417316aa52c) Importer(815301076,1909f56bfc062723c751e8b465ee728b)
Start importing Assets/Project Files/Scripts/PlayerScripts/PlayerController.cs using Guid(923b182de7cb8234cba17417316aa52c) Importer(815301076,1909f56bfc062723c751e8b465ee728b)  -> (artifact id: '9b3ce9e9497b3aed691c278c0fe97567') in 0.001451 seconds 
  Import took 0.004481 seconds .

========================================================================
Received Import Request.
  Time since last request: 33.861145 seconds.
  path: Assets/Project Files/Scripts/PlayerScripts/PlayerController.cs
  artifactKey: Guid(923b182de7cb8234cba17417316aa52c) Importer(815301076,1909f56bfc062723c751e8b465ee728b)
Start importing Assets/Project Files/Scripts/PlayerScripts/PlayerController.cs using Guid(923b182de7cb8234cba17417316aa52c) Importer(815301076,1909f56bfc062723c751e8b465ee728b)  -> (artifact id: '605f61ff162f1ade55153c1000915794') in 0.001642 seconds 
  Import took 0.005049 seconds .

========================================================================
Received Prepare
Registering precompiled user dll's ...
Registered in 0.005043 seconds.
Begin MonoManager ReloadAssembly
Symbol file LoadedFromMemory doesn't match image D:\Coop game\First_demo\Coop game\Assets\Photon\PhotonLibs\netstandard2.0\Photon3Unity3D.dll
Native extension for WindowsStandalone target not found
Refreshing native plugins compatible for Editor in 0.60 ms, found 3 plugins.
Preloading 0 native plugins for Editor in 0.00 ms.
Mono: successfully reloaded assembly
- Completed reload, in  0.919 seconds
Platform modules already initialized, skipping
Refreshing native plugins compatible for Editor in 0.58 ms, found 3 plugins.
Preloading 0 native plugins for Editor in 0.00 ms.
Unloading 2322 Unused Serialized files (Serialized files now loaded: 0)
System memory in use before: 101.0 MB.
System memory in use after: 101.1 MB.

Unloading 31 unused Assets to reduce memory usage. Loaded Objects now: 2760.
Total: 2.872900 ms (FindLiveObjects: 0.299700 ms CreateObjectMapping: 0.107900 ms MarkObjects: 2.360600 ms  DeleteObjects: 0.103100 ms)

AssetImportParameters requested are different than current active one (requested -> active):
  custom:framework-win-MediaFoundation: 216162199b28c13a410421893ffa2e32 -> 
  custom:video-decoder-ogg-theora: a1e56fd34408186e4bbccfd4996cb3dc -> 
  custom:container-muxer-webm: aa71ff27fc2769a1b78a27578f13a17b -> 
  custom:container-demuxer-webm: 4f35f7cbe854078d1ac9338744f61a02 -> 
  custom:container-demuxer-ogg: 62fdf1f143b41e24485cea50d1cbac27 -> 
  custom:video-encoder-webm-vp8: eb34c28f22e8b96e1ab97ce403110664 -> 
  custom:video-decoder-webm-vp8: 9c59270c3fd7afecdb556c50c9e8de78 -> 
  custom:audio-decoder-ogg-vorbis: bf7c407c2cedff20999df2af8eb42d56 -> 
  custom:audio-encoder-webm-vorbis: bf7c407c2cedff20999df2af8eb42d56 -> 
========================================================================
Received Prepare
Refreshing native plugins compatible for Editor in 4.37 ms, found 3 plugins.
Preloading 0 native plugins for Editor in 0.00 ms.
Unloading 29 Unused Serialized files (Serialized files now loaded: 0)
System memory in use before: 55.7 MB.
System memory in use after: 55.8 MB.

Unloading 29 unused Assets to reduce memory usage. Loaded Objects now: 2760.
Total: 2.141400 ms (FindLiveObjects: 0.226900 ms CreateObjectMapping: 0.056100 ms MarkObjects: 1.749700 ms  DeleteObjects: 0.107900 ms)

AssetImportParameters requested are different than current active one (requested -> active):
  custom:framework-win-MediaFoundation: 216162199b28c13a410421893ffa2e32 -> 
  custom:video-decoder-ogg-theora: a1e56fd34408186e4bbccfd4996cb3dc -> 
  custom:container-muxer-webm: aa71ff27fc2769a1b78a27578f13a17b -> 
  custom:container-demuxer-webm: 4f35f7cbe854078d1ac9338744f61a02 -> 
  custom:container-demuxer-ogg: 62fdf1f143b41e24485cea50d1cbac27 -> 
  custom:video-encoder-webm-vp8: eb34c28f22e8b96e1ab97ce403110664 -> 
  custom:video-decoder-webm-vp8: 9c59270c3fd7afecdb556c50c9e8de78 -> 
  custom:audio-decoder-ogg-vorbis: bf7c407c2cedff20999df2af8eb42d56 -> 
  custom:audio-encoder-webm-vorbis: bf7c407c2cedff20999df2af8eb42d56 -> 
========================================================================
Received Prepare
Registering precompiled user dll's ...
Registered in 0.005076 seconds.
Begin MonoManager ReloadAssembly
Symbol file LoadedFromMemory doesn't match image D:\Coop game\First_demo\Coop game\Assets\Photon\PhotonLibs\netstandard2.0\Photon3Unity3D.dll
Native extension for WindowsStandalone target not found
Refreshing native plugins compatible for Editor in 0.64 ms, found 3 plugins.
Preloading 0 native plugins for Editor in 0.00 ms.
Mono: successfully reloaded assembly
- Completed reload, in  0.976 seconds
Platform modules already initialized, skipping
Refreshing native plugins compatible for Editor in 0.61 ms, found 3 plugins.
Preloading 0 native plugins for Editor in 0.00 ms.
Unloading 2322 Unused Serialized files (Serialized files now loaded: 0)
System memory in use before: 101.0 MB.
System memory in use after: 101.1 MB.

Unloading 31 unused Assets to reduce memory usage. Loaded Objects now: 2765.
Total: 2.635200 ms (FindLiveObjects: 0.330800 ms CreateObjectMapping: 0.088200 ms MarkObjects: 2.109000 ms  DeleteObjects: 0.105500 ms)

AssetImportParameters requested are different than current active one (requested -> active):
  custom:framework-win-MediaFoundation: 216162199b28c13a410421893ffa2e32 -> 
  custom:video-decoder-ogg-theora: a1e56fd34408186e4bbccfd4996cb3dc -> 
  custom:container-muxer-webm: aa71ff27fc2769a1b78a27578f13a17b -> 
  custom:container-demuxer-webm: 4f35f7cbe854078d1ac9338744f61a02 -> 
  custom:container-demuxer-ogg: 62fdf1f143b41e24485cea50d1cbac27 -> 
  custom:video-encoder-webm-vp8: eb34c28f22e8b96e1ab97ce403110664 -> 
  custom:video-decoder-webm-vp8: 9c59270c3fd7afecdb556c50c9e8de78 -> 
  custom:audio-decoder-ogg-vorbis: bf7c407c2cedff20999df2af8eb42d56 -> 
  custom:audio-encoder-webm-vorbis: bf7c407c2cedff20999df2af8eb42d56 -> 
========================================================================
Received Import Request.
  Time since last request: 391.592109 seconds.
  path: Assets/Project Files/Scripts/EnemyScripts/Enemy.cs
  artifactKey: Guid(163978e4826164a4a84d66868e8d1c54) Importer(815301076,1909f56bfc062723c751e8b465ee728b)
Start importing Assets/Project Files/Scripts/EnemyScripts/Enemy.cs using Guid(163978e4826164a4a84d66868e8d1c54) Importer(815301076,1909f56bfc062723c751e8b465ee728b)  -> (artifact id: '68ad2e25a9a5414b97f6eeab0f8fcf51') in 0.004388 seconds 
  Import took 0.008006 seconds .

========================================================================
Received Import Request.
  Time since last request: 0.022329 seconds.
  path: Assets/Project Files/Scripts/EnemyScripts/Enemy.cs
  artifactKey: Guid(163978e4826164a4a84d66868e8d1c54) Importer(815301076,1909f56bfc062723c751e8b465ee728b)
Start importing Assets/Project Files/Scripts/EnemyScripts/Enemy.cs using Guid(163978e4826164a4a84d66868e8d1c54) Importer(815301076,1909f56bfc062723c751e8b465ee728b)  -> (artifact id: '68ad2e25a9a5414b97f6eeab0f8fcf51') in 0.001515 seconds 
  Import took 0.004936 seconds .

========================================================================
Received Import Request.
  Time since last request: 80.280134 seconds.
  path: Assets/Project Files/Scripts/MongoUtils/Model_User.cs
  artifactKey: Guid(44c11733fd56982499d6df649f83a51a) Importer(815301076,1909f56bfc062723c751e8b465ee728b)
Start importing Assets/Project Files/Scripts/MongoUtils/Model_User.cs using Guid(44c11733fd56982499d6df649f83a51a) Importer(815301076,1909f56bfc062723c751e8b465ee728b)  -> (artifact id: 'f0b8160792ed9389b2e6b4ef1f96556d') in 0.001484 seconds 
  Import took 0.005677 seconds .

========================================================================
Received Import Request.
  Time since last request: 7.144837 seconds.
  path: Assets/Project Files/Scripts/MongoUtils/Model_User.cs
  artifactKey: Guid(44c11733fd56982499d6df649f83a51a) Importer(815301076,1909f56bfc062723c751e8b465ee728b)
Start importing Assets/Project Files/Scripts/MongoUtils/Model_User.cs using Guid(44c11733fd56982499d6df649f83a51a) Importer(815301076,1909f56bfc062723c751e8b465ee728b)  -> (artifact id: '3cca484739f140e20bbac7e75ca46887') in 0.001726 seconds 
  Import took 0.005540 seconds .

========================================================================
Received Prepare
Registering precompiled user dll's ...
Registered in 0.005053 seconds.
Begin MonoManager ReloadAssembly
Symbol file LoadedFromMemory doesn't match image D:\Coop game\First_demo\Coop game\Assets\Photon\PhotonLibs\netstandard2.0\Photon3Unity3D.dll
Native extension for WindowsStandalone target not found
Refreshing native plugins compatible for Editor in 0.64 ms, found 3 plugins.
Preloading 0 native plugins for Editor in 0.00 ms.
Mono: successfully reloaded assembly
- Completed reload, in  0.907 seconds
Platform modules already initialized, skipping
Refreshing native plugins compatible for Editor in 0.58 ms, found 3 plugins.
Preloading 0 native plugins for Editor in 0.00 ms.
Unloading 2322 Unused Serialized files (Serialized files now loaded: 0)
System memory in use before: 101.0 MB.
System memory in use after: 101.1 MB.

Unloading 31 unused Assets to reduce memory usage. Loaded Objects now: 2770.
Total: 2.358800 ms (FindLiveObjects: 0.236500 ms CreateObjectMapping: 0.063300 ms MarkObjects: 1.940000 ms  DeleteObjects: 0.117500 ms)

AssetImportParameters requested are different than current active one (requested -> active):
  custom:framework-win-MediaFoundation: 216162199b28c13a410421893ffa2e32 -> 
  custom:video-decoder-ogg-theora: a1e56fd34408186e4bbccfd4996cb3dc -> 
  custom:container-muxer-webm: aa71ff27fc2769a1b78a27578f13a17b -> 
  custom:container-demuxer-webm: 4f35f7cbe854078d1ac9338744f61a02 -> 
  custom:container-demuxer-ogg: 62fdf1f143b41e24485cea50d1cbac27 -> 
  custom:video-encoder-webm-vp8: eb34c28f22e8b96e1ab97ce403110664 -> 
  custom:video-decoder-webm-vp8: 9c59270c3fd7afecdb556c50c9e8de78 -> 
  custom:audio-decoder-ogg-vorbis: bf7c407c2cedff20999df2af8eb42d56 -> 
  custom:audio-encoder-webm-vorbis: bf7c407c2cedff20999df2af8eb42d56 -> 
========================================================================
Received Prepare
Refreshing native plugins compatible for Editor in 4.64 ms, found 3 plugins.
Preloading 0 native plugins for Editor in 0.00 ms.
Unloading 29 Unused Serialized files (Serialized files now loaded: 0)
System memory in use before: 55.8 MB.
System memory in use after: 55.8 MB.

Unloading 29 unused Assets to reduce memory usage. Loaded Objects now: 2770.
Total: 2.093000 ms (FindLiveObjects: 0.228400 ms CreateObjectMapping: 0.058300 ms MarkObjects: 1.696800 ms  DeleteObjects: 0.108800 ms)

AssetImportParameters requested are different than current active one (requested -> active):
  custom:framework-win-MediaFoundation: 216162199b28c13a410421893ffa2e32 -> 
  custom:video-decoder-ogg-theora: a1e56fd34408186e4bbccfd4996cb3dc -> 
  custom:container-muxer-webm: aa71ff27fc2769a1b78a27578f13a17b -> 
  custom:container-demuxer-webm: 4f35f7cbe854078d1ac9338744f61a02 -> 
  custom:container-demuxer-ogg: 62fdf1f143b41e24485cea50d1cbac27 -> 
  custom:video-encoder-webm-vp8: eb34c28f22e8b96e1ab97ce403110664 -> 
  custom:video-decoder-webm-vp8: 9c59270c3fd7afecdb556c50c9e8de78 -> 
  custom:audio-decoder-ogg-vorbis: bf7c407c2cedff20999df2af8eb42d56 -> 
  custom:audio-encoder-webm-vorbis: bf7c407c2cedff20999df2af8eb42d56 -> 
========================================================================
Received Prepare
Registering precompiled user dll's ...
Registered in 0.005227 seconds.
Begin MonoManager ReloadAssembly
Symbol file LoadedFromMemory doesn't match image D:\Coop game\First_demo\Coop game\Assets\Photon\PhotonLibs\netstandard2.0\Photon3Unity3D.dll
Native extension for WindowsStandalone target not found
Refreshing native plugins compatible for Editor in 0.62 ms, found 3 plugins.
Preloading 0 native plugins for Editor in 0.00 ms.
Mono: successfully reloaded assembly
- Completed reload, in  0.999 seconds
Platform modules already initialized, skipping
Refreshing native plugins compatible for Editor in 0.65 ms, found 3 plugins.
Preloading 0 native plugins for Editor in 0.00 ms.
Unloading 2322 Unused Serialized files (Serialized files now loaded: 0)
System memory in use before: 101.1 MB.
System memory in use after: 101.1 MB.

Unloading 31 unused Assets to reduce memory usage. Loaded Objects now: 2775.
Total: 2.582000 ms (FindLiveObjects: 0.254600 ms CreateObjectMapping: 0.063800 ms MarkObjects: 2.152900 ms  DeleteObjects: 0.109000 ms)

AssetImportParameters requested are different than current active one (requested -> active):
  custom:framework-win-MediaFoundation: 216162199b28c13a410421893ffa2e32 -> 
  custom:video-decoder-ogg-theora: a1e56fd34408186e4bbccfd4996cb3dc -> 
  custom:container-muxer-webm: aa71ff27fc2769a1b78a27578f13a17b -> 
  custom:container-demuxer-webm: 4f35f7cbe854078d1ac9338744f61a02 -> 
  custom:container-demuxer-ogg: 62fdf1f143b41e24485cea50d1cbac27 -> 
  custom:video-encoder-webm-vp8: eb34c28f22e8b96e1ab97ce403110664 -> 
  custom:video-decoder-webm-vp8: 9c59270c3fd7afecdb556c50c9e8de78 -> 
  custom:audio-decoder-ogg-vorbis: bf7c407c2cedff20999df2af8eb42d56 -> 
  custom:audio-encoder-webm-vorbis: bf7c407c2cedff20999df2af8eb42d56 -> 
========================================================================
Received Prepare
Registering precompiled user dll's ...
Registered in 0.005195 seconds.
Begin MonoManager ReloadAssembly
Symbol file LoadedFromMemory doesn't match image D:\Coop game\First_demo\Coop game\Assets\Photon\PhotonLibs\netstandard2.0\Photon3Unity3D.dll
Native extension for WindowsStandalone target not found
Refreshing native plugins compatible for Editor in 0.59 ms, found 3 plugins.
Preloading 0 native plugins for Editor in 0.00 ms.
Mono: successfully reloaded assembly
- Completed reload, in  0.914 seconds
Platform modules already initialized, skipping
Refreshing native plugins compatible for Editor in 0.62 ms, found 3 plugins.
Preloading 0 native plugins for Editor in 0.00 ms.
Unloading 2322 Unused Serialized files (Serialized files now loaded: 0)
System memory in use before: 101.0 MB.
System memory in use after: 101.0 MB.

Unloading 31 unused Assets to reduce memory usage. Loaded Objects now: 2780.
Total: 2.811600 ms (FindLiveObjects: 0.302100 ms CreateObjectMapping: 0.107400 ms MarkObjects: 2.283900 ms  DeleteObjects: 0.116500 ms)

AssetImportParameters requested are different than current active one (requested -> active):
  custom:framework-win-MediaFoundation: 216162199b28c13a410421893ffa2e32 -> 
  custom:video-decoder-ogg-theora: a1e56fd34408186e4bbccfd4996cb3dc -> 
  custom:container-muxer-webm: aa71ff27fc2769a1b78a27578f13a17b -> 
  custom:container-demuxer-webm: 4f35f7cbe854078d1ac9338744f61a02 -> 
  custom:container-demuxer-ogg: 62fdf1f143b41e24485cea50d1cbac27 -> 
  custom:video-encoder-webm-vp8: eb34c28f22e8b96e1ab97ce403110664 -> 
  custom:video-decoder-webm-vp8: 9c59270c3fd7afecdb556c50c9e8de78 -> 
  custom:audio-decoder-ogg-vorbis: bf7c407c2cedff20999df2af8eb42d56 -> 
  custom:audio-encoder-webm-vorbis: bf7c407c2cedff20999df2af8eb42d56 -> 
========================================================================
Received Prepare
Refreshing native plugins compatible for Editor in 4.58 ms, found 3 plugins.
Preloading 0 native plugins for Editor in 0.00 ms.
Unloading 29 Unused Serialized files (Serialized files now loaded: 0)
System memory in use before: 55.7 MB.
System memory in use after: 55.8 MB.

Unloading 29 unused Assets to reduce memory usage. Loaded Objects now: 2780.
Total: 2.645500 ms (FindLiveObjects: 0.225800 ms CreateObjectMapping: 0.056600 ms MarkObjects: 2.246700 ms  DeleteObjects: 0.115600 ms)

AssetImportParameters requested are different than current active one (requested -> active):
  custom:framework-win-MediaFoundation: 216162199b28c13a410421893ffa2e32 -> 
  custom:video-decoder-ogg-theora: a1e56fd34408186e4bbccfd4996cb3dc -> 
  custom:container-muxer-webm: aa71ff27fc2769a1b78a27578f13a17b -> 
  custom:container-demuxer-webm: 4f35f7cbe854078d1ac9338744f61a02 -> 
  custom:container-demuxer-ogg: 62fdf1f143b41e24485cea50d1cbac27 -> 
  custom:video-encoder-webm-vp8: eb34c28f22e8b96e1ab97ce403110664 -> 
  custom:video-decoder-webm-vp8: 9c59270c3fd7afecdb556c50c9e8de78 -> 
  custom:audio-decoder-ogg-vorbis: bf7c407c2cedff20999df2af8eb42d56 -> 
  custom:audio-encoder-webm-vorbis: bf7c407c2cedff20999df2af8eb42d56 -> 
========================================================================
Received Prepare
Registering precompiled user dll's ...
Registered in 0.005105 seconds.
Begin MonoManager ReloadAssembly
Symbol file LoadedFromMemory doesn't match image D:\Coop game\First_demo\Coop game\Assets\Photon\PhotonLibs\netstandard2.0\Photon3Unity3D.dll
Native extension for WindowsStandalone target not found
Refreshing native plugins compatible for Editor in 0.66 ms, found 3 plugins.
Preloading 0 native plugins for Editor in 0.00 ms.
Mono: successfully reloaded assembly
- Completed reload, in  0.958 seconds
Platform modules already initialized, skipping
Refreshing native plugins compatible for Editor in 1.18 ms, found 3 plugins.
Preloading 0 native plugins for Editor in 0.00 ms.
Unloading 2322 Unused Serialized files (Serialized files now loaded: 0)
System memory in use before: 101.1 MB.
System memory in use after: 101.2 MB.

Unloading 31 unused Assets to reduce memory usage. Loaded Objects now: 2785.
Total: 3.942800 ms (FindLiveObjects: 0.893600 ms CreateObjectMapping: 0.111500 ms MarkObjects: 2.794600 ms  DeleteObjects: 0.140700 ms)

AssetImportParameters requested are different than current active one (requested -> active):
  custom:framework-win-MediaFoundation: 216162199b28c13a410421893ffa2e32 -> 
  custom:video-decoder-ogg-theora: a1e56fd34408186e4bbccfd4996cb3dc -> 
  custom:container-muxer-webm: aa71ff27fc2769a1b78a27578f13a17b -> 
  custom:container-demuxer-webm: 4f35f7cbe854078d1ac9338744f61a02 -> 
  custom:container-demuxer-ogg: 62fdf1f143b41e24485cea50d1cbac27 -> 
  custom:video-encoder-webm-vp8: eb34c28f22e8b96e1ab97ce403110664 -> 
  custom:video-decoder-webm-vp8: 9c59270c3fd7afecdb556c50c9e8de78 -> 
  custom:audio-decoder-ogg-vorbis: bf7c407c2cedff20999df2af8eb42d56 -> 
  custom:audio-encoder-webm-vorbis: bf7c407c2cedff20999df2af8eb42d56 -> 
========================================================================
Received Import Request.
  Time since last request: 452.920413 seconds.
  path: Assets/Project Files/Scripts/MongoUtils/Model_Upload.cs
  artifactKey: Guid(2441e87c423c51b4788130323eecb03a) Importer(815301076,1909f56bfc062723c751e8b465ee728b)
Start importing Assets/Project Files/Scripts/MongoUtils/Model_Upload.cs using Guid(2441e87c423c51b4788130323eecb03a) Importer(815301076,1909f56bfc062723c751e8b465ee728b)  -> (artifact id: 'e48252741fcf3d1cd694e1ed591975c5') in 0.006343 seconds 
  Import took 0.010378 seconds .

========================================================================
Received Import Request.
  Time since last request: 0.018686 seconds.
  path: Assets/Project Files/Scripts/MongoUtils/Model_Upload.cs
  artifactKey: Guid(2441e87c423c51b4788130323eecb03a) Importer(815301076,1909f56bfc062723c751e8b465ee728b)
Start importing Assets/Project Files/Scripts/MongoUtils/Model_Upload.cs using Guid(2441e87c423c51b4788130323eecb03a) Importer(815301076,1909f56bfc062723c751e8b465ee728b)  -> (artifact id: 'e48252741fcf3d1cd694e1ed591975c5') in 0.001487 seconds 
  Import took 0.004927 seconds .

========================================================================
Received Import Request.
  Time since last request: 54.244762 seconds.
  path: Assets/Project Files/Scripts/Health.cs
  artifactKey: Guid(b0bef04635fc1a84ba331a421a76220a) Importer(815301076,1909f56bfc062723c751e8b465ee728b)
Start importing Assets/Project Files/Scripts/Health.cs using Guid(b0bef04635fc1a84ba331a421a76220a) Importer(815301076,1909f56bfc062723c751e8b465ee728b)  -> (artifact id: 'd8402c26428239f6fca358c02ee980e0') in 0.001519 seconds 
  Import took 0.005393 seconds .

========================================================================
Received Prepare
Registering precompiled user dll's ...
Registered in 0.005471 seconds.
Begin MonoManager ReloadAssembly
Symbol file LoadedFromMemory doesn't match image D:\Coop game\First_demo\Coop game\Assets\Photon\PhotonLibs\netstandard2.0\Photon3Unity3D.dll
Native extension for WindowsStandalone target not found
Refreshing native plugins compatible for Editor in 0.60 ms, found 3 plugins.
Preloading 0 native plugins for Editor in 0.00 ms.
Mono: successfully reloaded assembly
- Completed reload, in  0.928 seconds
Platform modules already initialized, skipping
Refreshing native plugins compatible for Editor in 0.67 ms, found 3 plugins.
Preloading 0 native plugins for Editor in 0.00 ms.
Unloading 2322 Unused Serialized files (Serialized files now loaded: 0)
System memory in use before: 101.1 MB.
System memory in use after: 101.2 MB.

Unloading 31 unused Assets to reduce memory usage. Loaded Objects now: 2790.
Total: 2.172700 ms (FindLiveObjects: 0.239300 ms CreateObjectMapping: 0.058300 ms MarkObjects: 1.761400 ms  DeleteObjects: 0.112800 ms)

AssetImportParameters requested are different than current active one (requested -> active):
  custom:framework-win-MediaFoundation: 216162199b28c13a410421893ffa2e32 -> 
  custom:video-decoder-ogg-theora: a1e56fd34408186e4bbccfd4996cb3dc -> 
  custom:container-muxer-webm: aa71ff27fc2769a1b78a27578f13a17b -> 
  custom:container-demuxer-webm: 4f35f7cbe854078d1ac9338744f61a02 -> 
  custom:container-demuxer-ogg: 62fdf1f143b41e24485cea50d1cbac27 -> 
  custom:video-encoder-webm-vp8: eb34c28f22e8b96e1ab97ce403110664 -> 
  custom:video-decoder-webm-vp8: 9c59270c3fd7afecdb556c50c9e8de78 -> 
  custom:audio-decoder-ogg-vorbis: bf7c407c2cedff20999df2af8eb42d56 -> 
  custom:audio-encoder-webm-vorbis: bf7c407c2cedff20999df2af8eb42d56 -> 
========================================================================
Received Import Request.
  Time since last request: 57.263085 seconds.
  path: Assets/Project Files/Scripts/Health.cs
  artifactKey: Guid(b0bef04635fc1a84ba331a421a76220a) Importer(815301076,1909f56bfc062723c751e8b465ee728b)
Start importing Assets/Project Files/Scripts/Health.cs using Guid(b0bef04635fc1a84ba331a421a76220a) Importer(815301076,1909f56bfc062723c751e8b465ee728b)  -> (artifact id: 'ad2331bcccc7b8afb20cdc1adb37e202') in 0.004454 seconds 
  Import took 0.008219 seconds .

========================================================================
Received Import Request.
  Time since last request: 0.034107 seconds.
  path: Assets/Project Files/Scripts/Health.cs
  artifactKey: Guid(b0bef04635fc1a84ba331a421a76220a) Importer(815301076,1909f56bfc062723c751e8b465ee728b)
Start importing Assets/Project Files/Scripts/Health.cs using Guid(b0bef04635fc1a84ba331a421a76220a) Importer(815301076,1909f56bfc062723c751e8b465ee728b)  -> (artifact id: 'ad2331bcccc7b8afb20cdc1adb37e202') in 0.001450 seconds 
  Import took 0.005614 seconds .

========================================================================
Received Prepare
Refreshing native plugins compatible for Editor in 5.93 ms, found 3 plugins.
Preloading 0 native plugins for Editor in 0.00 ms.
Unloading 29 Unused Serialized files (Serialized files now loaded: 0)
System memory in use before: 55.8 MB.
System memory in use after: 55.9 MB.

Unloading 29 unused Assets to reduce memory usage. Loaded Objects now: 2790.
Total: 2.224100 ms (FindLiveObjects: 0.237600 ms CreateObjectMapping: 0.060500 ms MarkObjects: 1.807800 ms  DeleteObjects: 0.117300 ms)

AssetImportParameters requested are different than current active one (requested -> active):
  custom:framework-win-MediaFoundation: 216162199b28c13a410421893ffa2e32 -> 
  custom:video-decoder-ogg-theora: a1e56fd34408186e4bbccfd4996cb3dc -> 
  custom:container-muxer-webm: aa71ff27fc2769a1b78a27578f13a17b -> 
  custom:container-demuxer-webm: 4f35f7cbe854078d1ac9338744f61a02 -> 
  custom:container-demuxer-ogg: 62fdf1f143b41e24485cea50d1cbac27 -> 
  custom:video-encoder-webm-vp8: eb34c28f22e8b96e1ab97ce403110664 -> 
  custom:video-decoder-webm-vp8: 9c59270c3fd7afecdb556c50c9e8de78 -> 
  custom:audio-decoder-ogg-vorbis: bf7c407c2cedff20999df2af8eb42d56 -> 
  custom:audio-encoder-webm-vorbis: bf7c407c2cedff20999df2af8eb42d56 -> 
========================================================================
Received Prepare
Refreshing native plugins compatible for Editor in 4.47 ms, found 3 plugins.
Preloading 0 native plugins for Editor in 0.00 ms.
Unloading 29 Unused Serialized files (Serialized files now loaded: 0)
System memory in use before: 55.8 MB.
System memory in use after: 55.9 MB.

Unloading 29 unused Assets to reduce memory usage. Loaded Objects now: 2790.
Total: 2.353800 ms (FindLiveObjects: 0.225500 ms CreateObjectMapping: 0.061000 ms MarkObjects: 1.948600 ms  DeleteObjects: 0.117700 ms)

AssetImportParameters requested are different than current active one (requested -> active):
  custom:framework-win-MediaFoundation: 216162199b28c13a410421893ffa2e32 -> 
  custom:video-decoder-ogg-theora: a1e56fd34408186e4bbccfd4996cb3dc -> 
  custom:container-muxer-webm: aa71ff27fc2769a1b78a27578f13a17b -> 
  custom:container-demuxer-webm: 4f35f7cbe854078d1ac9338744f61a02 -> 
  custom:container-demuxer-ogg: 62fdf1f143b41e24485cea50d1cbac27 -> 
  custom:video-encoder-webm-vp8: eb34c28f22e8b96e1ab97ce403110664 -> 
  custom:video-decoder-webm-vp8: 9c59270c3fd7afecdb556c50c9e8de78 -> 
  custom:audio-decoder-ogg-vorbis: bf7c407c2cedff20999df2af8eb42d56 -> 
  custom:audio-encoder-webm-vorbis: bf7c407c2cedff20999df2af8eb42d56 -> 
========================================================================
Received Prepare
Refreshing native plugins compatible for Editor in 4.50 ms, found 3 plugins.
Preloading 0 native plugins for Editor in 0.00 ms.
Unloading 29 Unused Serialized files (Serialized files now loaded: 0)
System memory in use before: 55.8 MB.
System memory in use after: 55.9 MB.

Unloading 29 unused Assets to reduce memory usage. Loaded Objects now: 2790.
Total: 2.602500 ms (FindLiveObjects: 0.307000 ms CreateObjectMapping: 0.108200 ms MarkObjects: 2.068200 ms  DeleteObjects: 0.117900 ms)

AssetImportParameters requested are different than current active one (requested -> active):
  custom:framework-win-MediaFoundation: 216162199b28c13a410421893ffa2e32 -> 
  custom:video-decoder-ogg-theora: a1e56fd34408186e4bbccfd4996cb3dc -> 
  custom:container-muxer-webm: aa71ff27fc2769a1b78a27578f13a17b -> 
  custom:container-demuxer-webm: 4f35f7cbe854078d1ac9338744f61a02 -> 
  custom:container-demuxer-ogg: 62fdf1f143b41e24485cea50d1cbac27 -> 
  custom:video-encoder-webm-vp8: eb34c28f22e8b96e1ab97ce403110664 -> 
  custom:video-decoder-webm-vp8: 9c59270c3fd7afecdb556c50c9e8de78 -> 
  custom:audio-decoder-ogg-vorbis: bf7c407c2cedff20999df2af8eb42d56 -> 
  custom:audio-encoder-webm-vorbis: bf7c407c2cedff20999df2af8eb42d56 -> 
========================================================================
Received Prepare
Registering precompiled user dll's ...
Registered in 0.005066 seconds.
Begin MonoManager ReloadAssembly
Symbol file LoadedFromMemory doesn't match image D:\Coop game\First_demo\Coop game\Assets\Photon\PhotonLibs\netstandard2.0\Photon3Unity3D.dll
Native extension for WindowsStandalone target not found
Refreshing native plugins compatible for Editor in 0.63 ms, found 3 plugins.
Preloading 0 native plugins for Editor in 0.00 ms.
Mono: successfully reloaded assembly
- Completed reload, in  0.981 seconds
Platform modules already initialized, skipping
Refreshing native plugins compatible for Editor in 0.68 ms, found 3 plugins.
Preloading 0 native plugins for Editor in 0.00 ms.
Unloading 2322 Unused Serialized files (Serialized files now loaded: 0)
System memory in use before: 101.1 MB.
System memory in use after: 101.2 MB.

Unloading 31 unused Assets to reduce memory usage. Loaded Objects now: 2795.
Total: 2.403100 ms (FindLiveObjects: 0.301100 ms CreateObjectMapping: 0.066300 ms MarkObjects: 1.926300 ms  DeleteObjects: 0.108200 ms)

AssetImportParameters requested are different than current active one (requested -> active):
  custom:framework-win-MediaFoundation: 216162199b28c13a410421893ffa2e32 -> 
  custom:video-decoder-ogg-theora: a1e56fd34408186e4bbccfd4996cb3dc -> 
  custom:container-muxer-webm: aa71ff27fc2769a1b78a27578f13a17b -> 
  custom:container-demuxer-webm: 4f35f7cbe854078d1ac9338744f61a02 -> 
  custom:container-demuxer-ogg: 62fdf1f143b41e24485cea50d1cbac27 -> 
  custom:video-encoder-webm-vp8: eb34c28f22e8b96e1ab97ce403110664 -> 
  custom:video-decoder-webm-vp8: 9c59270c3fd7afecdb556c50c9e8de78 -> 
  custom:audio-decoder-ogg-vorbis: bf7c407c2cedff20999df2af8eb42d56 -> 
  custom:audio-encoder-webm-vorbis: bf7c407c2cedff20999df2af8eb42d56 -> 
========================================================================
Received Import Request.
  Time since last request: 876.909405 seconds.
  path: Assets/Prefabs/Button_Mute_Unmute.prefab
  artifactKey: Guid(42c251f5ab5d1d04f939e068315e560a) Importer(815301076,1909f56bfc062723c751e8b465ee728b)
Start importing Assets/Prefabs/Button_Mute_Unmute.prefab using Guid(42c251f5ab5d1d04f939e068315e560a) Importer(815301076,1909f56bfc062723c751e8b465ee728b)  -> (artifact id: '77808d8b34f15a04a6a444d13e7e4eb3') in 0.046124 seconds 
  Import took 0.050341 seconds .

========================================================================
Received Prepare
Registering precompiled user dll's ...
Registered in 0.005139 seconds.
Begin MonoManager ReloadAssembly
Symbol file LoadedFromMemory doesn't match image D:\Coop game\First_demo\Coop game\Assets\Photon\PhotonLibs\netstandard2.0\Photon3Unity3D.dll
Native extension for WindowsStandalone target not found
Refreshing native plugins compatible for Editor in 0.62 ms, found 3 plugins.
Preloading 0 native plugins for Editor in 0.00 ms.
Mono: successfully reloaded assembly
- Completed reload, in  0.977 seconds
Platform modules already initialized, skipping
Refreshing native plugins compatible for Editor in 0.60 ms, found 3 plugins.
Preloading 0 native plugins for Editor in 0.00 ms.
Unloading 2322 Unused Serialized files (Serialized files now loaded: 0)
System memory in use before: 101.1 MB.
System memory in use after: 101.2 MB.

Unloading 31 unused Assets to reduce memory usage. Loaded Objects now: 2800.
Total: 3.391300 ms (FindLiveObjects: 0.257800 ms CreateObjectMapping: 0.122600 ms MarkObjects: 2.889200 ms  DeleteObjects: 0.120100 ms)

AssetImportParameters requested are different than current active one (requested -> active):
  custom:framework-win-MediaFoundation: 216162199b28c13a410421893ffa2e32 -> 
  custom:video-decoder-ogg-theora: a1e56fd34408186e4bbccfd4996cb3dc -> 
  custom:container-muxer-webm: aa71ff27fc2769a1b78a27578f13a17b -> 
  custom:container-demuxer-webm: 4f35f7cbe854078d1ac9338744f61a02 -> 
  custom:container-demuxer-ogg: 62fdf1f143b41e24485cea50d1cbac27 -> 
  custom:video-encoder-webm-vp8: eb34c28f22e8b96e1ab97ce403110664 -> 
  custom:video-decoder-webm-vp8: 9c59270c3fd7afecdb556c50c9e8de78 -> 
  custom:audio-decoder-ogg-vorbis: bf7c407c2cedff20999df2af8eb42d56 -> 
  custom:audio-encoder-webm-vorbis: bf7c407c2cedff20999df2af8eb42d56 -> 
========================================================================
Received Prepare
Refreshing native plugins compatible for Editor in 4.39 ms, found 3 plugins.
Preloading 0 native plugins for Editor in 0.00 ms.
Unloading 29 Unused Serialized files (Serialized files now loaded: 0)
System memory in use before: 55.9 MB.
System memory in use after: 55.9 MB.

Unloading 29 unused Assets to reduce memory usage. Loaded Objects now: 2800.
Total: 2.696200 ms (FindLiveObjects: 0.305200 ms CreateObjectMapping: 0.106300 ms MarkObjects: 2.161800 ms  DeleteObjects: 0.121400 ms)

AssetImportParameters requested are different than current active one (requested -> active):
  custom:framework-win-MediaFoundation: 216162199b28c13a410421893ffa2e32 -> 
  custom:video-decoder-ogg-theora: a1e56fd34408186e4bbccfd4996cb3dc -> 
  custom:container-muxer-webm: aa71ff27fc2769a1b78a27578f13a17b -> 
  custom:container-demuxer-webm: 4f35f7cbe854078d1ac9338744f61a02 -> 
  custom:container-demuxer-ogg: 62fdf1f143b41e24485cea50d1cbac27 -> 
  custom:video-encoder-webm-vp8: eb34c28f22e8b96e1ab97ce403110664 -> 
  custom:video-decoder-webm-vp8: 9c59270c3fd7afecdb556c50c9e8de78 -> 
  custom:audio-decoder-ogg-vorbis: bf7c407c2cedff20999df2af8eb42d56 -> 
  custom:audio-encoder-webm-vorbis: bf7c407c2cedff20999df2af8eb42d56 -> 
========================================================================
Received Import Request.
  Time since last request: 601.248201 seconds.
  path: Assets/Project Files/Scripts/AudioScripts/ButtonSwitch.cs
  artifactKey: Guid(40beb465d05bd6f44b8e1c65876a3160) Importer(815301076,1909f56bfc062723c751e8b465ee728b)
Start importing Assets/Project Files/Scripts/AudioScripts/ButtonSwitch.cs using Guid(40beb465d05bd6f44b8e1c65876a3160) Importer(815301076,1909f56bfc062723c751e8b465ee728b)  -> (artifact id: 'c043653b0939307290e2f80d5e78a12e') in 0.002540 seconds 
  Import took 0.006965 seconds .

========================================================================
Received Import Request.
  Time since last request: 5.603416 seconds.
  path: Assets/Project Files/Scripts/AudioScripts/AudioManagerLobby.cs
  artifactKey: Guid(bdbe3eb5233ddb7499107b0a4371c6e8) Importer(815301076,1909f56bfc062723c751e8b465ee728b)
Start importing Assets/Project Files/Scripts/AudioScripts/AudioManagerLobby.cs using Guid(bdbe3eb5233ddb7499107b0a4371c6e8) Importer(815301076,1909f56bfc062723c751e8b465ee728b)  -> (artifact id: '88027ecca6c99f028e37ac949e16fd92') in 0.001531 seconds 
  Import took 0.005716 seconds .

========================================================================
Received Prepare
Registering precompiled user dll's ...
Registered in 0.004965 seconds.
Begin MonoManager ReloadAssembly
Symbol file LoadedFromMemory doesn't match image D:\Coop game\First_demo\Coop game\Assets\Photon\PhotonLibs\netstandard2.0\Photon3Unity3D.dll
Native extension for WindowsStandalone target not found
Refreshing native plugins compatible for Editor in 0.64 ms, found 3 plugins.
Preloading 0 native plugins for Editor in 0.00 ms.
Mono: successfully reloaded assembly
- Completed reload, in  0.924 seconds
Platform modules already initialized, skipping
Refreshing native plugins compatible for Editor in 0.64 ms, found 3 plugins.
Preloading 0 native plugins for Editor in 0.00 ms.
Unloading 2322 Unused Serialized files (Serialized files now loaded: 0)
System memory in use before: 101.0 MB.
System memory in use after: 101.1 MB.

Unloading 31 unused Assets to reduce memory usage. Loaded Objects now: 2805.
Total: 2.569400 ms (FindLiveObjects: 0.367600 ms CreateObjectMapping: 0.152700 ms MarkObjects: 1.929900 ms  DeleteObjects: 0.117100 ms)

AssetImportParameters requested are different than current active one (requested -> active):
  custom:framework-win-MediaFoundation: 216162199b28c13a410421893ffa2e32 -> 
  custom:video-decoder-ogg-theora: a1e56fd34408186e4bbccfd4996cb3dc -> 
  custom:container-muxer-webm: aa71ff27fc2769a1b78a27578f13a17b -> 
  custom:container-demuxer-webm: 4f35f7cbe854078d1ac9338744f61a02 -> 
  custom:container-demuxer-ogg: 62fdf1f143b41e24485cea50d1cbac27 -> 
  custom:video-encoder-webm-vp8: eb34c28f22e8b96e1ab97ce403110664 -> 
  custom:video-decoder-webm-vp8: 9c59270c3fd7afecdb556c50c9e8de78 -> 
  custom:audio-decoder-ogg-vorbis: bf7c407c2cedff20999df2af8eb42d56 -> 
  custom:audio-encoder-webm-vorbis: bf7c407c2cedff20999df2af8eb42d56 -> 
========================================================================
Received Prepare
Refreshing native plugins compatible for Editor in 4.94 ms, found 3 plugins.
Preloading 0 native plugins for Editor in 0.00 ms.
Unloading 29 Unused Serialized files (Serialized files now loaded: 0)
System memory in use before: 55.8 MB.
System memory in use after: 55.9 MB.

Unloading 29 unused Assets to reduce memory usage. Loaded Objects now: 2805.
Total: 2.227700 ms (FindLiveObjects: 0.229400 ms CreateObjectMapping: 0.056100 ms MarkObjects: 1.826900 ms  DeleteObjects: 0.114300 ms)

AssetImportParameters requested are different than current active one (requested -> active):
  custom:framework-win-MediaFoundation: 216162199b28c13a410421893ffa2e32 -> 
  custom:video-decoder-ogg-theora: a1e56fd34408186e4bbccfd4996cb3dc -> 
  custom:container-muxer-webm: aa71ff27fc2769a1b78a27578f13a17b -> 
  custom:container-demuxer-webm: 4f35f7cbe854078d1ac9338744f61a02 -> 
  custom:container-demuxer-ogg: 62fdf1f143b41e24485cea50d1cbac27 -> 
  custom:video-encoder-webm-vp8: eb34c28f22e8b96e1ab97ce403110664 -> 
  custom:video-decoder-webm-vp8: 9c59270c3fd7afecdb556c50c9e8de78 -> 
  custom:audio-decoder-ogg-vorbis: bf7c407c2cedff20999df2af8eb42d56 -> 
  custom:audio-encoder-webm-vorbis: bf7c407c2cedff20999df2af8eb42d56 -> 
========================================================================
Received Prepare
Registering precompiled user dll's ...
Registered in 0.005354 seconds.
Begin MonoManager ReloadAssembly
Symbol file LoadedFromMemory doesn't match image D:\Coop game\First_demo\Coop game\Assets\Photon\PhotonLibs\netstandard2.0\Photon3Unity3D.dll
Native extension for WindowsStandalone target not found
Refreshing native plugins compatible for Editor in 0.71 ms, found 3 plugins.
Preloading 0 native plugins for Editor in 0.00 ms.
Mono: successfully reloaded assembly
- Completed reload, in  0.975 seconds
Platform modules already initialized, skipping
Refreshing native plugins compatible for Editor in 0.69 ms, found 3 plugins.
Preloading 0 native plugins for Editor in 0.00 ms.
Unloading 2322 Unused Serialized files (Serialized files now loaded: 0)
System memory in use before: 101.1 MB.
System memory in use after: 101.2 MB.

Unloading 31 unused Assets to reduce memory usage. Loaded Objects now: 2810.
Total: 2.956200 ms (FindLiveObjects: 0.374700 ms CreateObjectMapping: 0.144300 ms MarkObjects: 2.312000 ms  DeleteObjects: 0.123400 ms)

AssetImportParameters requested are different than current active one (requested -> active):
  custom:framework-win-MediaFoundation: 216162199b28c13a410421893ffa2e32 -> 
  custom:video-decoder-ogg-theora: a1e56fd34408186e4bbccfd4996cb3dc -> 
  custom:container-muxer-webm: aa71ff27fc2769a1b78a27578f13a17b -> 
  custom:container-demuxer-webm: 4f35f7cbe854078d1ac9338744f61a02 -> 
  custom:container-demuxer-ogg: 62fdf1f143b41e24485cea50d1cbac27 -> 
  custom:video-encoder-webm-vp8: eb34c28f22e8b96e1ab97ce403110664 -> 
  custom:video-decoder-webm-vp8: 9c59270c3fd7afecdb556c50c9e8de78 -> 
  custom:audio-decoder-ogg-vorbis: bf7c407c2cedff20999df2af8eb42d56 -> 
  custom:audio-encoder-webm-vorbis: bf7c407c2cedff20999df2af8eb42d56 -> 
========================================================================
Received Import Request.
  Time since last request: 273.533217 seconds.
  path: Assets/Scenes/Game.unity
  artifactKey: Guid(66b41999a52074741b03d2d67b996df6) Importer(815301076,1909f56bfc062723c751e8b465ee728b)
Start importing Assets/Scenes/Game.unity using Guid(66b41999a52074741b03d2d67b996df6) Importer(815301076,1909f56bfc062723c751e8b465ee728b)  -> (artifact id: '80bdd59de5704399e1cc660ecad47522') in 0.012715 seconds 
  Import took 0.016641 seconds .

========================================================================
Received Prepare
Registering precompiled user dll's ...
Registered in 0.005017 seconds.
Begin MonoManager ReloadAssembly
Symbol file LoadedFromMemory doesn't match image D:\Coop game\First_demo\Coop game\Assets\Photon\PhotonLibs\netstandard2.0\Photon3Unity3D.dll
Native extension for WindowsStandalone target not found
Refreshing native plugins compatible for Editor in 0.60 ms, found 3 plugins.
Preloading 0 native plugins for Editor in 0.00 ms.
Mono: successfully reloaded assembly
- Completed reload, in  0.933 seconds
Platform modules already initialized, skipping
Refreshing native plugins compatible for Editor in 0.59 ms, found 3 plugins.
Preloading 0 native plugins for Editor in 0.00 ms.
Unloading 2322 Unused Serialized files (Serialized files now loaded: 0)
System memory in use before: 101.2 MB.
System memory in use after: 101.2 MB.

Unloading 31 unused Assets to reduce memory usage. Loaded Objects now: 2815.
Total: 2.516600 ms (FindLiveObjects: 0.308600 ms CreateObjectMapping: 0.107000 ms MarkObjects: 1.982200 ms  DeleteObjects: 0.117000 ms)

AssetImportParameters requested are different than current active one (requested -> active):
  custom:framework-win-MediaFoundation: 216162199b28c13a410421893ffa2e32 -> 
  custom:video-decoder-ogg-theora: a1e56fd34408186e4bbccfd4996cb3dc -> 
  custom:container-muxer-webm: aa71ff27fc2769a1b78a27578f13a17b -> 
  custom:container-demuxer-webm: 4f35f7cbe854078d1ac9338744f61a02 -> 
  custom:container-demuxer-ogg: 62fdf1f143b41e24485cea50d1cbac27 -> 
  custom:video-encoder-webm-vp8: eb34c28f22e8b96e1ab97ce403110664 -> 
  custom:video-decoder-webm-vp8: 9c59270c3fd7afecdb556c50c9e8de78 -> 
  custom:audio-decoder-ogg-vorbis: bf7c407c2cedff20999df2af8eb42d56 -> 
  custom:audio-encoder-webm-vorbis: bf7c407c2cedff20999df2af8eb42d56 -> 
========================================================================
Received Import Request.
  Time since last request: 15934.306575 seconds.
  path: Assets/Project Files/Scripts/ConnectionScripts/Lobby.cs
  artifactKey: Guid(c9262075c5b93ed43b5fd04640f67443) Importer(815301076,1909f56bfc062723c751e8b465ee728b)
Start importing Assets/Project Files/Scripts/ConnectionScripts/Lobby.cs using Guid(c9262075c5b93ed43b5fd04640f67443) Importer(815301076,1909f56bfc062723c751e8b465ee728b)  -> (artifact id: 'cc9de6b63a74d76501f91719cf16d351') in 0.053600 seconds 
  Import took 0.130446 seconds .

========================================================================
Received Import Request.
  Time since last request: 75.010928 seconds.
  path: Assets/Project Files/Scripts/MenuTransitionScript.cs
  artifactKey: Guid(459392f5d28a7c644b9b90642fe10d5f) Importer(815301076,1909f56bfc062723c751e8b465ee728b)
Start importing Assets/Project Files/Scripts/MenuTransitionScript.cs using Guid(459392f5d28a7c644b9b90642fe10d5f) Importer(815301076,1909f56bfc062723c751e8b465ee728b)  -> (artifact id: '779c1a7d06cb9a3f2bb9cd06447eebb2') in 0.002040 seconds 
  Import took 0.006136 seconds .

========================================================================
Received Import Request.
  Time since last request: 0.002753 seconds.
  path: Assets/Project Files/Scripts/MenuTransitionScript.cs
  artifactKey: Guid(459392f5d28a7c644b9b90642fe10d5f) Importer(815301076,1909f56bfc062723c751e8b465ee728b)
Start importing Assets/Project Files/Scripts/MenuTransitionScript.cs using Guid(459392f5d28a7c644b9b90642fe10d5f) Importer(815301076,1909f56bfc062723c751e8b465ee728b)  -> (artifact id: '779c1a7d06cb9a3f2bb9cd06447eebb2') in 0.001419 seconds 
  Import took 0.004972 seconds .

========================================================================
Received Import Request.
  Time since last request: 26.660645 seconds.
  path: Assets/Project Files/Scripts/Spawner.cs
  artifactKey: Guid(480f26973d38fa94fb1d738b855040de) Importer(815301076,1909f56bfc062723c751e8b465ee728b)
Start importing Assets/Project Files/Scripts/Spawner.cs using Guid(480f26973d38fa94fb1d738b855040de) Importer(815301076,1909f56bfc062723c751e8b465ee728b)  -> (artifact id: 'bf04c50eb737801d9d01887062a43cb2') in 0.002122 seconds 
  Import took 0.007923 seconds .

========================================================================
Received Prepare
Refreshing native plugins compatible for Editor in 19.21 ms, found 3 plugins.
Preloading 0 native plugins for Editor in 0.00 ms.
Unloading 29 Unused Serialized files (Serialized files now loaded: 0)
System memory in use before: 55.9 MB.
System memory in use after: 56.0 MB.

Unloading 29 unused Assets to reduce memory usage. Loaded Objects now: 2815.
Total: 14.994600 ms (FindLiveObjects: 0.236800 ms CreateObjectMapping: 0.056400 ms MarkObjects: 14.538200 ms  DeleteObjects: 0.162100 ms)

AssetImportParameters requested are different than current active one (requested -> active):
  custom:framework-win-MediaFoundation: 216162199b28c13a410421893ffa2e32 -> 
  custom:video-decoder-ogg-theora: a1e56fd34408186e4bbccfd4996cb3dc -> 
  custom:container-muxer-webm: aa71ff27fc2769a1b78a27578f13a17b -> 
  custom:container-demuxer-webm: 4f35f7cbe854078d1ac9338744f61a02 -> 
  custom:container-demuxer-ogg: 62fdf1f143b41e24485cea50d1cbac27 -> 
  custom:video-encoder-webm-vp8: eb34c28f22e8b96e1ab97ce403110664 -> 
  custom:video-decoder-webm-vp8: 9c59270c3fd7afecdb556c50c9e8de78 -> 
  custom:audio-decoder-ogg-vorbis: bf7c407c2cedff20999df2af8eb42d56 -> 
  custom:audio-encoder-webm-vorbis: bf7c407c2cedff20999df2af8eb42d56 -> 
========================================================================
Received Prepare
Registering precompiled user dll's ...
Registered in 0.005112 seconds.
Begin MonoManager ReloadAssembly
Symbol file LoadedFromMemory doesn't match image D:\Coop game\First_demo\Coop game\Assets\Photon\PhotonLibs\netstandard2.0\Photon3Unity3D.dll
Native extension for WindowsStandalone target not found
Refreshing native plugins compatible for Editor in 0.63 ms, found 3 plugins.
Preloading 0 native plugins for Editor in 0.00 ms.
Mono: successfully reloaded assembly
- Completed reload, in  1.090 seconds
Platform modules already initialized, skipping
Refreshing native plugins compatible for Editor in 0.66 ms, found 3 plugins.
Preloading 0 native plugins for Editor in 0.00 ms.
Unloading 2322 Unused Serialized files (Serialized files now loaded: 0)
System memory in use before: 101.2 MB.
System memory in use after: 101.3 MB.

Unloading 31 unused Assets to reduce memory usage. Loaded Objects now: 2820.
Total: 2.530800 ms (FindLiveObjects: 0.245800 ms CreateObjectMapping: 0.057900 ms MarkObjects: 1.988400 ms  DeleteObjects: 0.237500 ms)

AssetImportParameters requested are different than current active one (requested -> active):
  custom:framework-win-MediaFoundation: 216162199b28c13a410421893ffa2e32 -> 
  custom:video-decoder-ogg-theora: a1e56fd34408186e4bbccfd4996cb3dc -> 
  custom:container-muxer-webm: aa71ff27fc2769a1b78a27578f13a17b -> 
  custom:container-demuxer-webm: 4f35f7cbe854078d1ac9338744f61a02 -> 
  custom:container-demuxer-ogg: 62fdf1f143b41e24485cea50d1cbac27 -> 
  custom:video-encoder-webm-vp8: eb34c28f22e8b96e1ab97ce403110664 -> 
  custom:video-decoder-webm-vp8: 9c59270c3fd7afecdb556c50c9e8de78 -> 
  custom:audio-decoder-ogg-vorbis: bf7c407c2cedff20999df2af8eb42d56 -> 
  custom:audio-encoder-webm-vorbis: bf7c407c2cedff20999df2af8eb42d56 -> 
========================================================================
Received Prepare
Registering precompiled user dll's ...
Registered in 0.005760 seconds.
Begin MonoManager ReloadAssembly
Symbol file LoadedFromMemory doesn't match image D:\Coop game\First_demo\Coop game\Assets\Photon\PhotonLibs\netstandard2.0\Photon3Unity3D.dll
Native extension for WindowsStandalone target not found
Refreshing native plugins compatible for Editor in 0.62 ms, found 3 plugins.
Preloading 0 native plugins for Editor in 0.00 ms.
Mono: successfully reloaded assembly
- Completed reload, in  0.958 seconds
Platform modules already initialized, skipping
Refreshing native plugins compatible for Editor in 0.64 ms, found 3 plugins.
Preloading 0 native plugins for Editor in 0.00 ms.
Unloading 2322 Unused Serialized files (Serialized files now loaded: 0)
System memory in use before: 101.2 MB.
System memory in use after: 101.3 MB.

Unloading 31 unused Assets to reduce memory usage. Loaded Objects now: 2825.
Total: 2.837200 ms (FindLiveObjects: 0.281300 ms CreateObjectMapping: 0.126200 ms MarkObjects: 2.295700 ms  DeleteObjects: 0.132100 ms)

AssetImportParameters requested are different than current active one (requested -> active):
  custom:framework-win-MediaFoundation: 216162199b28c13a410421893ffa2e32 -> 
  custom:video-decoder-ogg-theora: a1e56fd34408186e4bbccfd4996cb3dc -> 
  custom:container-muxer-webm: aa71ff27fc2769a1b78a27578f13a17b -> 
  custom:container-demuxer-webm: 4f35f7cbe854078d1ac9338744f61a02 -> 
  custom:container-demuxer-ogg: 62fdf1f143b41e24485cea50d1cbac27 -> 
  custom:video-encoder-webm-vp8: eb34c28f22e8b96e1ab97ce403110664 -> 
  custom:video-decoder-webm-vp8: 9c59270c3fd7afecdb556c50c9e8de78 -> 
  custom:audio-decoder-ogg-vorbis: bf7c407c2cedff20999df2af8eb42d56 -> 
  custom:audio-encoder-webm-vorbis: bf7c407c2cedff20999df2af8eb42d56 -> 
========================================================================
Received Prepare
Refreshing native plugins compatible for Editor in 4.42 ms, found 3 plugins.
Preloading 0 native plugins for Editor in 0.00 ms.
Unloading 29 Unused Serialized files (Serialized files now loaded: 0)
System memory in use before: 55.9 MB.
System memory in use after: 56.0 MB.

Unloading 29 unused Assets to reduce memory usage. Loaded Objects now: 2825.
Total: 2.923200 ms (FindLiveObjects: 0.232400 ms CreateObjectMapping: 0.065800 ms MarkObjects: 2.499400 ms  DeleteObjects: 0.124600 ms)

AssetImportParameters requested are different than current active one (requested -> active):
  custom:framework-win-MediaFoundation: 216162199b28c13a410421893ffa2e32 -> 
  custom:video-decoder-ogg-theora: a1e56fd34408186e4bbccfd4996cb3dc -> 
  custom:container-muxer-webm: aa71ff27fc2769a1b78a27578f13a17b -> 
  custom:container-demuxer-webm: 4f35f7cbe854078d1ac9338744f61a02 -> 
  custom:container-demuxer-ogg: 62fdf1f143b41e24485cea50d1cbac27 -> 
  custom:video-encoder-webm-vp8: eb34c28f22e8b96e1ab97ce403110664 -> 
  custom:video-decoder-webm-vp8: 9c59270c3fd7afecdb556c50c9e8de78 -> 
  custom:audio-decoder-ogg-vorbis: bf7c407c2cedff20999df2af8eb42d56 -> 
  custom:audio-encoder-webm-vorbis: bf7c407c2cedff20999df2af8eb42d56 -> 
========================================================================
Received Prepare
Registering precompiled user dll's ...
Registered in 0.005262 seconds.
Begin MonoManager ReloadAssembly
Symbol file LoadedFromMemory doesn't match image D:\Coop game\First_demo\Coop game\Assets\Photon\PhotonLibs\netstandard2.0\Photon3Unity3D.dll
Native extension for WindowsStandalone target not found
Refreshing native plugins compatible for Editor in 0.69 ms, found 3 plugins.
Preloading 0 native plugins for Editor in 0.00 ms.
Mono: successfully reloaded assembly
- Completed reload, in  1.002 seconds
Platform modules already initialized, skipping
Refreshing native plugins compatible for Editor in 0.66 ms, found 3 plugins.
Preloading 0 native plugins for Editor in 0.00 ms.
Unloading 2322 Unused Serialized files (Serialized files now loaded: 0)
System memory in use before: 101.1 MB.
System memory in use after: 101.2 MB.

Unloading 31 unused Assets to reduce memory usage. Loaded Objects now: 2830.
Total: 2.823500 ms (FindLiveObjects: 0.467000 ms CreateObjectMapping: 0.200600 ms MarkObjects: 2.028000 ms  DeleteObjects: 0.125900 ms)

AssetImportParameters requested are different than current active one (requested -> active):
  custom:framework-win-MediaFoundation: 216162199b28c13a410421893ffa2e32 -> 
  custom:video-decoder-ogg-theora: a1e56fd34408186e4bbccfd4996cb3dc -> 
  custom:container-muxer-webm: aa71ff27fc2769a1b78a27578f13a17b -> 
  custom:container-demuxer-webm: 4f35f7cbe854078d1ac9338744f61a02 -> 
  custom:container-demuxer-ogg: 62fdf1f143b41e24485cea50d1cbac27 -> 
  custom:video-encoder-webm-vp8: eb34c28f22e8b96e1ab97ce403110664 -> 
  custom:video-decoder-webm-vp8: 9c59270c3fd7afecdb556c50c9e8de78 -> 
  custom:audio-decoder-ogg-vorbis: bf7c407c2cedff20999df2af8eb42d56 -> 
  custom:audio-encoder-webm-vorbis: bf7c407c2cedff20999df2af8eb42d56 -> 
========================================================================
Received Import Request.
  Time since last request: 4465.533530 seconds.
  path: Assets/Project Files/Scripts/Sound.cs
  artifactKey: Guid(9a3d1b36ae6fc6f4fb3f00a0bb8e7f9a) Importer(815301076,1909f56bfc062723c751e8b465ee728b)
Start importing Assets/Project Files/Scripts/Sound.cs using Guid(9a3d1b36ae6fc6f4fb3f00a0bb8e7f9a) Importer(815301076,1909f56bfc062723c751e8b465ee728b)  -> (artifact id: 'ea8f8ba4e6ec35b63693fcaae67bf85f') in 0.012668 seconds 
  Import took 0.025926 seconds .

========================================================================
Received Prepare
Registering precompiled user dll's ...
Registered in 0.004966 seconds.
Begin MonoManager ReloadAssembly
Symbol file LoadedFromMemory doesn't match image D:\Coop game\First_demo\Coop game\Assets\Photon\PhotonLibs\netstandard2.0\Photon3Unity3D.dll
Native extension for WindowsStandalone target not found
Refreshing native plugins compatible for Editor in 0.65 ms, found 3 plugins.
Preloading 0 native plugins for Editor in 0.00 ms.
Mono: successfully reloaded assembly
- Completed reload, in  0.995 seconds
Platform modules already initialized, skipping
Refreshing native plugins compatible for Editor in 0.60 ms, found 3 plugins.
Preloading 0 native plugins for Editor in 0.00 ms.
Unloading 2322 Unused Serialized files (Serialized files now loaded: 0)
System memory in use before: 101.2 MB.
System memory in use after: 101.3 MB.

Unloading 31 unused Assets to reduce memory usage. Loaded Objects now: 2835.
Total: 2.985000 ms (FindLiveObjects: 0.312200 ms CreateObjectMapping: 0.111600 ms MarkObjects: 2.423600 ms  DeleteObjects: 0.135900 ms)

AssetImportParameters requested are different than current active one (requested -> active):
  custom:framework-win-MediaFoundation: 216162199b28c13a410421893ffa2e32 -> 
  custom:video-decoder-ogg-theora: a1e56fd34408186e4bbccfd4996cb3dc -> 
  custom:container-muxer-webm: aa71ff27fc2769a1b78a27578f13a17b -> 
  custom:container-demuxer-webm: 4f35f7cbe854078d1ac9338744f61a02 -> 
  custom:container-demuxer-ogg: 62fdf1f143b41e24485cea50d1cbac27 -> 
  custom:video-encoder-webm-vp8: eb34c28f22e8b96e1ab97ce403110664 -> 
  custom:video-decoder-webm-vp8: 9c59270c3fd7afecdb556c50c9e8de78 -> 
  custom:audio-decoder-ogg-vorbis: bf7c407c2cedff20999df2af8eb42d56 -> 
  custom:audio-encoder-webm-vorbis: bf7c407c2cedff20999df2af8eb42d56 -> 
========================================================================
Received Import Request.
  Time since last request: 268.940558 seconds.
  path: Assets/Project Files/Scripts/ConnectionScripts/SpawnPlayers.cs
  artifactKey: Guid(c450d8d5f77cfc944857a9f30c21952f) Importer(815301076,1909f56bfc062723c751e8b465ee728b)
Start importing Assets/Project Files/Scripts/ConnectionScripts/SpawnPlayers.cs using Guid(c450d8d5f77cfc944857a9f30c21952f) Importer(815301076,1909f56bfc062723c751e8b465ee728b)  -> (artifact id: '926bb8a0b422e08b6dd817ca397a9124') in 0.004944 seconds 
  Import took 0.008678 seconds .

========================================================================
Received Import Request.
  Time since last request: 579.359924 seconds.
  path: Assets/Project Files/Scripts/PlayerScripts/PlayerController.cs
  artifactKey: Guid(923b182de7cb8234cba17417316aa52c) Importer(815301076,1909f56bfc062723c751e8b465ee728b)
Start importing Assets/Project Files/Scripts/PlayerScripts/PlayerController.cs using Guid(923b182de7cb8234cba17417316aa52c) Importer(815301076,1909f56bfc062723c751e8b465ee728b)  -> (artifact id: '0e5e9e0f56618fee19bac2c1d0ad7b71') in 0.001709 seconds 
  Import took 0.005665 seconds .

========================================================================
Received Prepare
Registering precompiled user dll's ...
Registered in 0.005689 seconds.
Begin MonoManager ReloadAssembly
Symbol file LoadedFromMemory doesn't match image D:\Coop game\First_demo\Coop game\Assets\Photon\PhotonLibs\netstandard2.0\Photon3Unity3D.dll
Native extension for WindowsStandalone target not found
Refreshing native plugins compatible for Editor in 0.61 ms, found 3 plugins.
Preloading 0 native plugins for Editor in 0.00 ms.
Mono: successfully reloaded assembly
- Completed reload, in  0.899 seconds
Platform modules already initialized, skipping
Refreshing native plugins compatible for Editor in 0.58 ms, found 3 plugins.
Preloading 0 native plugins for Editor in 0.00 ms.
Unloading 2322 Unused Serialized files (Serialized files now loaded: 0)
System memory in use before: 101.2 MB.
System memory in use after: 101.3 MB.

Unloading 31 unused Assets to reduce memory usage. Loaded Objects now: 2840.
Total: 2.534100 ms (FindLiveObjects: 0.409800 ms CreateObjectMapping: 0.155800 ms MarkObjects: 1.845000 ms  DeleteObjects: 0.121300 ms)

AssetImportParameters requested are different than current active one (requested -> active):
  custom:framework-win-MediaFoundation: 216162199b28c13a410421893ffa2e32 -> 
  custom:video-decoder-ogg-theora: a1e56fd34408186e4bbccfd4996cb3dc -> 
  custom:container-muxer-webm: aa71ff27fc2769a1b78a27578f13a17b -> 
  custom:container-demuxer-webm: 4f35f7cbe854078d1ac9338744f61a02 -> 
  custom:container-demuxer-ogg: 62fdf1f143b41e24485cea50d1cbac27 -> 
  custom:video-encoder-webm-vp8: eb34c28f22e8b96e1ab97ce403110664 -> 
  custom:video-decoder-webm-vp8: 9c59270c3fd7afecdb556c50c9e8de78 -> 
  custom:audio-decoder-ogg-vorbis: bf7c407c2cedff20999df2af8eb42d56 -> 
  custom:audio-encoder-webm-vorbis: bf7c407c2cedff20999df2af8eb42d56 -> 
========================================================================
Received Import Request.
  Time since last request: 19.122532 seconds.
  path: Assets/Project Files/Scripts/PlayerScripts/PlayerController.cs
  artifactKey: Guid(923b182de7cb8234cba17417316aa52c) Importer(815301076,1909f56bfc062723c751e8b465ee728b)
Start importing Assets/Project Files/Scripts/PlayerScripts/PlayerController.cs using Guid(923b182de7cb8234cba17417316aa52c) Importer(815301076,1909f56bfc062723c751e8b465ee728b)  -> (artifact id: '87fd82aced2ab9d2f749318c6bdd3b90') in 0.004330 seconds 
  Import took 0.007600 seconds .

========================================================================
Received Import Request.
  Time since last request: 838.448136 seconds.
  path: Assets/Project Files/Scripts/AudioScripts/AudioManager.cs
  artifactKey: Guid(4e02fa0e8c949214aa93ff29c531f4ea) Importer(815301076,1909f56bfc062723c751e8b465ee728b)
Start importing Assets/Project Files/Scripts/AudioScripts/AudioManager.cs using Guid(4e02fa0e8c949214aa93ff29c531f4ea) Importer(815301076,1909f56bfc062723c751e8b465ee728b)  -> (artifact id: '4aa0594f911d623aa44bc45f9e37d642') in 0.003532 seconds 
  Import took 0.011111 seconds .

========================================================================
Received Import Request.
  Time since last request: 0.002197 seconds.
  path: Assets/Project Files/Scripts/AudioScripts/AudioManager.cs
  artifactKey: Guid(4e02fa0e8c949214aa93ff29c531f4ea) Importer(815301076,1909f56bfc062723c751e8b465ee728b)
Start importing Assets/Project Files/Scripts/AudioScripts/AudioManager.cs using Guid(4e02fa0e8c949214aa93ff29c531f4ea) Importer(815301076,1909f56bfc062723c751e8b465ee728b)  -> (artifact id: '4aa0594f911d623aa44bc45f9e37d642') in 0.001821 seconds 
  Import took 0.006640 seconds .

========================================================================
Received Prepare
Registering precompiled user dll's ...
Registered in 0.077392 seconds.
Begin MonoManager ReloadAssembly
Symbol file LoadedFromMemory doesn't match image D:\Coop game\First_demo\Coop game\Assets\Photon\PhotonLibs\netstandard2.0\Photon3Unity3D.dll
Native extension for WindowsStandalone target not found
Refreshing native plugins compatible for Editor in 0.59 ms, found 3 plugins.
Preloading 0 native plugins for Editor in 0.00 ms.
Mono: successfully reloaded assembly
- Completed reload, in  0.951 seconds
Platform modules already initialized, skipping
Refreshing native plugins compatible for Editor in 0.91 ms, found 3 plugins.
Preloading 0 native plugins for Editor in 0.00 ms.
Unloading 2321 Unused Serialized files (Serialized files now loaded: 0)
System memory in use before: 101.2 MB.
System memory in use after: 101.3 MB.

Unloading 32 unused Assets to reduce memory usage. Loaded Objects now: 2844.
Total: 2.797100 ms (FindLiveObjects: 0.382400 ms CreateObjectMapping: 0.111800 ms MarkObjects: 2.128900 ms  DeleteObjects: 0.172200 ms)

AssetImportParameters requested are different than current active one (requested -> active):
  custom:framework-win-MediaFoundation: 216162199b28c13a410421893ffa2e32 -> 
  custom:video-decoder-ogg-theora: a1e56fd34408186e4bbccfd4996cb3dc -> 
  custom:container-muxer-webm: aa71ff27fc2769a1b78a27578f13a17b -> 
  custom:container-demuxer-webm: 4f35f7cbe854078d1ac9338744f61a02 -> 
  custom:container-demuxer-ogg: 62fdf1f143b41e24485cea50d1cbac27 -> 
  custom:video-encoder-webm-vp8: eb34c28f22e8b96e1ab97ce403110664 -> 
  custom:video-decoder-webm-vp8: 9c59270c3fd7afecdb556c50c9e8de78 -> 
  custom:audio-decoder-ogg-vorbis: bf7c407c2cedff20999df2af8eb42d56 -> 
  custom:audio-encoder-webm-vorbis: bf7c407c2cedff20999df2af8eb42d56 -> 
========================================================================
Received Import Request.
  Time since last request: 1389.427291 seconds.
  path: Assets/Project Files/Scripts/RayScript.cs
  artifactKey: Guid(4d694b184a1f57443a33f4df443f31cc) Importer(815301076,1909f56bfc062723c751e8b465ee728b)
Start importing Assets/Project Files/Scripts/RayScript.cs using Guid(4d694b184a1f57443a33f4df443f31cc) Importer(815301076,1909f56bfc062723c751e8b465ee728b)  -> (artifact id: '8b420cdb9b0e513678596e4917f425eb') in 0.008393 seconds 
  Import took 0.019509 seconds .

========================================================================
Received Prepare
Registering precompiled user dll's ...
Registered in 0.005737 seconds.
Begin MonoManager ReloadAssembly
Symbol file LoadedFromMemory doesn't match image D:\Coop game\First_demo\Coop game\Assets\Photon\PhotonLibs\netstandard2.0\Photon3Unity3D.dll
Native extension for WindowsStandalone target not found
Refreshing native plugins compatible for Editor in 0.61 ms, found 3 plugins.
Preloading 0 native plugins for Editor in 0.00 ms.
Mono: successfully reloaded assembly
- Completed reload, in  0.937 seconds
Platform modules already initialized, skipping
Refreshing native plugins compatible for Editor in 0.62 ms, found 3 plugins.
Preloading 0 native plugins for Editor in 0.00 ms.
Unloading 2321 Unused Serialized files (Serialized files now loaded: 0)
System memory in use before: 101.2 MB.
System memory in use after: 101.3 MB.

Unloading 31 unused Assets to reduce memory usage. Loaded Objects now: 2849.
Total: 2.756800 ms (FindLiveObjects: 0.271400 ms CreateObjectMapping: 0.059900 ms MarkObjects: 2.249400 ms  DeleteObjects: 0.174600 ms)

AssetImportParameters requested are different than current active one (requested -> active):
  custom:framework-win-MediaFoundation: 216162199b28c13a410421893ffa2e32 -> 
  custom:video-decoder-ogg-theora: a1e56fd34408186e4bbccfd4996cb3dc -> 
  custom:container-muxer-webm: aa71ff27fc2769a1b78a27578f13a17b -> 
  custom:container-demuxer-webm: 4f35f7cbe854078d1ac9338744f61a02 -> 
  custom:container-demuxer-ogg: 62fdf1f143b41e24485cea50d1cbac27 -> 
  custom:video-encoder-webm-vp8: eb34c28f22e8b96e1ab97ce403110664 -> 
  custom:video-decoder-webm-vp8: 9c59270c3fd7afecdb556c50c9e8de78 -> 
  custom:audio-decoder-ogg-vorbis: bf7c407c2cedff20999df2af8eb42d56 -> 
  custom:audio-encoder-webm-vorbis: bf7c407c2cedff20999df2af8eb42d56 -> 
AssetImportWorkerClient::OnTransportError - code=2 error=End of file
