Using pre-set license
Built from '2020.3/release' branch; Version is '2020.3.12f1 (b3b2c6512326) revision 11776710'; Using compiler version '192528614'; Build Type 'Release'
OS: 'Windows 10 Home; OS build 19043.1110; Version 2009; 64bit' Language: 'en' Physical Memory: 15741 MB
BatchMode: 1, IsHumanControllingUs: 0, StartBugReporterOnCrash: 0, Is64bit: 1, IsPro: 0

 COMMAND LINE ARGUMENTS:
D:\Unity\Editor\Unity.exe
-adb2
-batchMode
-noUpm
-name
AssetImportWorker0
-projectPath
D:/Coop game/First_demo/Coop game
-logFile
Logs/AssetImportWorker0.log
-srvPort
50290
Successfully changed project path to: D:/Coop game/First_demo/Coop game
D:/Coop game/First_demo/Coop game
Using Asset Import Pipeline V2.
Refreshing native plugins compatible for Editor in 46.89 ms, found 3 plugins.
Preloading 0 native plugins for Editor in 0.00 ms.
Initialize engine version: 2020.3.12f1 (b3b2c6512326)
[Subsystems] Discovering subsystems at path D:/Unity/Editor/Data/Resources/UnitySubsystems
[Subsystems] Discovering subsystems at path D:/Coop game/First_demo/Coop game/Assets
GfxDevice: creating device client; threaded=0
Direct3D:
    Version:  Direct3D 11.0 [level 11.1]
    Renderer: NVIDIA GeForce GTX 1650 (ID=0x1f99)
    Vendor:   
    VRAM:     3962 MB
    Driver:   27.21.14.5749
Initialize mono
Mono path[0] = 'D:/Unity/Editor/Data/Managed'
Mono path[1] = 'D:/Unity/Editor/Data/MonoBleedingEdge/lib/mono/unityjit'
Mono config path = 'D:/Unity/Editor/Data/MonoBleedingEdge/etc'
Using monoOptions --debugger-agent=transport=dt_socket,embedding=1,server=y,suspend=n,address=127.0.0.1:56964
Begin MonoManager ReloadAssembly
Registering precompiled unity dll's ...
Register platform support module: D:/Unity/Editor/Data/PlaybackEngines/WindowsStandaloneSupport/UnityEditor.WindowsStandalone.Extensions.dll
Registered in 0.001211 seconds.
Native extension for WindowsStandalone target not found
Refreshing native plugins compatible for Editor in 52.70 ms, found 3 plugins.
Preloading 0 native plugins for Editor in 0.00 ms.
Mono: successfully reloaded assembly
- Completed reload, in  0.794 seconds
Platform modules already initialized, skipping
Registering precompiled user dll's ...
Registered in 0.004053 seconds.
Begin MonoManager ReloadAssembly
Symbol file LoadedFromMemory doesn't match image D:\Coop game\First_demo\Coop game\Assets\Photon\PhotonLibs\netstandard2.0\Photon3Unity3D.dll
Native extension for WindowsStandalone target not found
Refreshing native plugins compatible for Editor in 47.11 ms, found 3 plugins.
Preloading 0 native plugins for Editor in 0.00 ms.
Mono: successfully reloaded assembly
- Completed reload, in  1.015 seconds
Platform modules already initialized, skipping
========================================================================
Worker process is ready to serve import requests
Launched and connected shader compiler UnityShaderCompiler.exe after 0.05 seconds
Refreshing native plugins compatible for Editor in 0.73 ms, found 3 plugins.
Preloading 0 native plugins for Editor in 0.00 ms.
Unloading 2321 Unused Serialized files (Serialized files now loaded: 0)
System memory in use before: 100.6 MB.
System memory in use after: 100.6 MB.

Unloading 39 unused Assets to reduce memory usage. Loaded Objects now: 2753.
Total: 2.842500 ms (FindLiveObjects: 0.273600 ms CreateObjectMapping: 0.062300 ms MarkObjects: 2.346600 ms  DeleteObjects: 0.157800 ms)

AssetImportParameters requested are different than current active one (requested -> active):
  custom:framework-win-MediaFoundation: 216162199b28c13a410421893ffa2e32 -> 
  custom:video-decoder-ogg-theora: a1e56fd34408186e4bbccfd4996cb3dc -> 
  custom:container-muxer-webm: aa71ff27fc2769a1b78a27578f13a17b -> 
  custom:container-demuxer-webm: 4f35f7cbe854078d1ac9338744f61a02 -> 
  custom:container-demuxer-ogg: 62fdf1f143b41e24485cea50d1cbac27 -> 
  custom:video-encoder-webm-vp8: eb34c28f22e8b96e1ab97ce403110664 -> 
  custom:video-decoder-webm-vp8: 9c59270c3fd7afecdb556c50c9e8de78 -> 
  custom:audio-decoder-ogg-vorbis: bf7c407c2cedff20999df2af8eb42d56 -> 
  custom:audio-encoder-webm-vorbis: bf7c407c2cedff20999df2af8eb42d56 -> 
========================================================================
Received Import Request.
  path: Assets/Project Files/Scripts/NameRotation.cs
  artifactKey: Guid(1e6d426d25f53914bbd9dc7000a2dc91) Importer(815301076,1909f56bfc062723c751e8b465ee728b)
Start importing Assets/Project Files/Scripts/NameRotation.cs using Guid(1e6d426d25f53914bbd9dc7000a2dc91) Importer(815301076,1909f56bfc062723c751e8b465ee728b)  -> (artifact id: '88e6a9b57116389513c2f15f403e8d44') in 0.027006 seconds 
  Import took 0.031265 seconds .

========================================================================
Received Import Request.
  Time since last request: 3.303859 seconds.
  path: Assets/Project Files/Scripts/PlayerScripts/PlayerController.cs
  artifactKey: Guid(923b182de7cb8234cba17417316aa52c) Importer(815301076,1909f56bfc062723c751e8b465ee728b)
Start importing Assets/Project Files/Scripts/PlayerScripts/PlayerController.cs using Guid(923b182de7cb8234cba17417316aa52c) Importer(815301076,1909f56bfc062723c751e8b465ee728b)  -> (artifact id: 'f9884a8b061b66a14a95858ffcd2b909') in 0.001888 seconds 
  Import took 0.005741 seconds .

========================================================================
Received Import Request.
  Time since last request: 0.037498 seconds.
  path: Assets/Project Files/Scripts/PlayerScripts/PlayerController.cs
  artifactKey: Guid(923b182de7cb8234cba17417316aa52c) Importer(815301076,1909f56bfc062723c751e8b465ee728b)
Start importing Assets/Project Files/Scripts/PlayerScripts/PlayerController.cs using Guid(923b182de7cb8234cba17417316aa52c) Importer(815301076,1909f56bfc062723c751e8b465ee728b)  -> (artifact id: 'f9884a8b061b66a14a95858ffcd2b909') in 0.001362 seconds 
  Import took 0.004593 seconds .

========================================================================
Received Prepare
Registering precompiled user dll's ...
Registered in 0.004062 seconds.
Begin MonoManager ReloadAssembly
Symbol file LoadedFromMemory doesn't match image D:\Coop game\First_demo\Coop game\Assets\Photon\PhotonLibs\netstandard2.0\Photon3Unity3D.dll
Native extension for WindowsStandalone target not found
Refreshing native plugins compatible for Editor in 0.56 ms, found 3 plugins.
Preloading 0 native plugins for Editor in 0.00 ms.
Mono: successfully reloaded assembly
- Completed reload, in  0.863 seconds
Platform modules already initialized, skipping
Refreshing native plugins compatible for Editor in 0.55 ms, found 3 plugins.
Preloading 0 native plugins for Editor in 0.00 ms.
Unloading 2315 Unused Serialized files (Serialized files now loaded: 0)
System memory in use before: 100.6 MB.
System memory in use after: 100.6 MB.

Unloading 26 unused Assets to reduce memory usage. Loaded Objects now: 2758.
Total: 2.666500 ms (FindLiveObjects: 0.297800 ms CreateObjectMapping: 0.107500 ms MarkObjects: 2.153800 ms  DeleteObjects: 0.105800 ms)

AssetImportParameters requested are different than current active one (requested -> active):
  custom:framework-win-MediaFoundation: 216162199b28c13a410421893ffa2e32 -> 
  custom:video-decoder-ogg-theora: a1e56fd34408186e4bbccfd4996cb3dc -> 
  custom:container-muxer-webm: aa71ff27fc2769a1b78a27578f13a17b -> 
  custom:container-demuxer-webm: 4f35f7cbe854078d1ac9338744f61a02 -> 
  custom:container-demuxer-ogg: 62fdf1f143b41e24485cea50d1cbac27 -> 
  custom:video-encoder-webm-vp8: eb34c28f22e8b96e1ab97ce403110664 -> 
  custom:video-decoder-webm-vp8: 9c59270c3fd7afecdb556c50c9e8de78 -> 
  custom:audio-decoder-ogg-vorbis: bf7c407c2cedff20999df2af8eb42d56 -> 
  custom:audio-encoder-webm-vorbis: bf7c407c2cedff20999df2af8eb42d56 -> 
========================================================================
Received Import Request.
  Time since last request: 36.592053 seconds.
  path: Assets/Project Files/Scripts/PlayerScripts/PlayerController.cs
  artifactKey: Guid(923b182de7cb8234cba17417316aa52c) Importer(815301076,1909f56bfc062723c751e8b465ee728b)
Start importing Assets/Project Files/Scripts/PlayerScripts/PlayerController.cs using Guid(923b182de7cb8234cba17417316aa52c) Importer(815301076,1909f56bfc062723c751e8b465ee728b)  -> (artifact id: '719ed49492b6a40863fa1c3493328bba') in 0.004505 seconds 
  Import took 0.007691 seconds .

========================================================================
Received Prepare
Refreshing native plugins compatible for Editor in 3.95 ms, found 3 plugins.
Preloading 0 native plugins for Editor in 0.00 ms.
Unloading 24 Unused Serialized files (Serialized files now loaded: 0)
System memory in use before: 55.3 MB.
System memory in use after: 55.4 MB.

Unloading 24 unused Assets to reduce memory usage. Loaded Objects now: 2758.
Total: 2.326800 ms (FindLiveObjects: 0.290300 ms CreateObjectMapping: 0.061200 ms MarkObjects: 1.868300 ms  DeleteObjects: 0.105500 ms)

AssetImportParameters requested are different than current active one (requested -> active):
  custom:framework-win-MediaFoundation: 216162199b28c13a410421893ffa2e32 -> 
  custom:video-decoder-ogg-theora: a1e56fd34408186e4bbccfd4996cb3dc -> 
  custom:container-muxer-webm: aa71ff27fc2769a1b78a27578f13a17b -> 
  custom:container-demuxer-webm: 4f35f7cbe854078d1ac9338744f61a02 -> 
  custom:container-demuxer-ogg: 62fdf1f143b41e24485cea50d1cbac27 -> 
  custom:video-encoder-webm-vp8: eb34c28f22e8b96e1ab97ce403110664 -> 
  custom:video-decoder-webm-vp8: 9c59270c3fd7afecdb556c50c9e8de78 -> 
  custom:audio-decoder-ogg-vorbis: bf7c407c2cedff20999df2af8eb42d56 -> 
  custom:audio-encoder-webm-vorbis: bf7c407c2cedff20999df2af8eb42d56 -> 
========================================================================
Received Prepare
Registering precompiled user dll's ...
Registered in 0.003757 seconds.
Begin MonoManager ReloadAssembly
Symbol file LoadedFromMemory doesn't match image D:\Coop game\First_demo\Coop game\Assets\Photon\PhotonLibs\netstandard2.0\Photon3Unity3D.dll
Native extension for WindowsStandalone target not found
Refreshing native plugins compatible for Editor in 0.56 ms, found 3 plugins.
Preloading 0 native plugins for Editor in 0.00 ms.
Mono: successfully reloaded assembly
- Completed reload, in  0.870 seconds
Platform modules already initialized, skipping
Refreshing native plugins compatible for Editor in 0.59 ms, found 3 plugins.
Preloading 0 native plugins for Editor in 0.00 ms.
Unloading 2315 Unused Serialized files (Serialized files now loaded: 0)
System memory in use before: 100.6 MB.
System memory in use after: 100.7 MB.

Unloading 26 unused Assets to reduce memory usage. Loaded Objects now: 2763.
Total: 2.925700 ms (FindLiveObjects: 0.319000 ms CreateObjectMapping: 0.109200 ms MarkObjects: 2.384000 ms  DeleteObjects: 0.110800 ms)

AssetImportParameters requested are different than current active one (requested -> active):
  custom:framework-win-MediaFoundation: 216162199b28c13a410421893ffa2e32 -> 
  custom:video-decoder-ogg-theora: a1e56fd34408186e4bbccfd4996cb3dc -> 
  custom:container-muxer-webm: aa71ff27fc2769a1b78a27578f13a17b -> 
  custom:container-demuxer-webm: 4f35f7cbe854078d1ac9338744f61a02 -> 
  custom:container-demuxer-ogg: 62fdf1f143b41e24485cea50d1cbac27 -> 
  custom:video-encoder-webm-vp8: eb34c28f22e8b96e1ab97ce403110664 -> 
  custom:video-decoder-webm-vp8: 9c59270c3fd7afecdb556c50c9e8de78 -> 
  custom:audio-decoder-ogg-vorbis: bf7c407c2cedff20999df2af8eb42d56 -> 
  custom:audio-encoder-webm-vorbis: bf7c407c2cedff20999df2af8eb42d56 -> 
========================================================================
Received Prepare
Refreshing native plugins compatible for Editor in 3.81 ms, found 3 plugins.
Preloading 0 native plugins for Editor in 0.00 ms.
Unloading 24 Unused Serialized files (Serialized files now loaded: 0)
System memory in use before: 55.4 MB.
System memory in use after: 55.4 MB.

Unloading 24 unused Assets to reduce memory usage. Loaded Objects now: 2763.
Total: 2.110800 ms (FindLiveObjects: 0.222900 ms CreateObjectMapping: 0.057600 ms MarkObjects: 1.723700 ms  DeleteObjects: 0.105900 ms)

AssetImportParameters requested are different than current active one (requested -> active):
  custom:framework-win-MediaFoundation: 216162199b28c13a410421893ffa2e32 -> 
  custom:video-decoder-ogg-theora: a1e56fd34408186e4bbccfd4996cb3dc -> 
  custom:container-muxer-webm: aa71ff27fc2769a1b78a27578f13a17b -> 
  custom:container-demuxer-webm: 4f35f7cbe854078d1ac9338744f61a02 -> 
  custom:container-demuxer-ogg: 62fdf1f143b41e24485cea50d1cbac27 -> 
  custom:video-encoder-webm-vp8: eb34c28f22e8b96e1ab97ce403110664 -> 
  custom:video-decoder-webm-vp8: 9c59270c3fd7afecdb556c50c9e8de78 -> 
  custom:audio-decoder-ogg-vorbis: bf7c407c2cedff20999df2af8eb42d56 -> 
  custom:audio-encoder-webm-vorbis: bf7c407c2cedff20999df2af8eb42d56 -> 
========================================================================
Received Import Request.
  Time since last request: 133.209940 seconds.
  path: Assets/Resources/PlayerCharacter.prefab
  artifactKey: Guid(cdc8116f3fef0c04b8391822f01cfe25) Importer(815301076,1909f56bfc062723c751e8b465ee728b)
Start importing Assets/Resources/PlayerCharacter.prefab using Guid(cdc8116f3fef0c04b8391822f01cfe25) Importer(815301076,1909f56bfc062723c751e8b465ee728b)  -> (artifact id: '74dc41aa1865b3bec3eec6e7eea6e95a') in 0.078721 seconds 
  Import took 0.082888 seconds .

========================================================================
Received Import Request.
  Time since last request: 0.035798 seconds.
  path: Assets/Resources/PlayerCharacter.prefab
  artifactKey: Guid(cdc8116f3fef0c04b8391822f01cfe25) Importer(815301076,1909f56bfc062723c751e8b465ee728b)
Start importing Assets/Resources/PlayerCharacter.prefab using Guid(cdc8116f3fef0c04b8391822f01cfe25) Importer(815301076,1909f56bfc062723c751e8b465ee728b)  -> (artifact id: '74dc41aa1865b3bec3eec6e7eea6e95a') in 0.010689 seconds 
  Import took 0.015006 seconds .

========================================================================
Received Prepare
Refreshing native plugins compatible for Editor in 4.08 ms, found 3 plugins.
Preloading 0 native plugins for Editor in 0.00 ms.
Unloading 24 Unused Serialized files (Serialized files now loaded: 0)
System memory in use before: 59.3 MB.
System memory in use after: 59.4 MB.

Unloading 24 unused Assets to reduce memory usage. Loaded Objects now: 2770.
Total: 2.827900 ms (FindLiveObjects: 0.242100 ms CreateObjectMapping: 0.060800 ms MarkObjects: 2.412600 ms  DeleteObjects: 0.111500 ms)

AssetImportParameters requested are different than current active one (requested -> active):
  custom:framework-win-MediaFoundation: 216162199b28c13a410421893ffa2e32 -> 
  custom:video-decoder-ogg-theora: a1e56fd34408186e4bbccfd4996cb3dc -> 
  custom:container-muxer-webm: aa71ff27fc2769a1b78a27578f13a17b -> 
  custom:container-demuxer-webm: 4f35f7cbe854078d1ac9338744f61a02 -> 
  custom:container-demuxer-ogg: 62fdf1f143b41e24485cea50d1cbac27 -> 
  custom:video-encoder-webm-vp8: eb34c28f22e8b96e1ab97ce403110664 -> 
  custom:video-decoder-webm-vp8: 9c59270c3fd7afecdb556c50c9e8de78 -> 
  custom:audio-decoder-ogg-vorbis: bf7c407c2cedff20999df2af8eb42d56 -> 
  custom:audio-encoder-webm-vorbis: bf7c407c2cedff20999df2af8eb42d56 -> 
========================================================================
Received Prepare
Refreshing native plugins compatible for Editor in 4.09 ms, found 3 plugins.
Preloading 0 native plugins for Editor in 0.00 ms.
Unloading 24 Unused Serialized files (Serialized files now loaded: 0)
System memory in use before: 59.3 MB.
System memory in use after: 59.4 MB.

Unloading 24 unused Assets to reduce memory usage. Loaded Objects now: 2770.
Total: 2.864600 ms (FindLiveObjects: 0.234400 ms CreateObjectMapping: 0.058700 ms MarkObjects: 2.464000 ms  DeleteObjects: 0.106600 ms)

AssetImportParameters requested are different than current active one (requested -> active):
  custom:framework-win-MediaFoundation: 216162199b28c13a410421893ffa2e32 -> 
  custom:video-decoder-ogg-theora: a1e56fd34408186e4bbccfd4996cb3dc -> 
  custom:container-muxer-webm: aa71ff27fc2769a1b78a27578f13a17b -> 
  custom:container-demuxer-webm: 4f35f7cbe854078d1ac9338744f61a02 -> 
  custom:container-demuxer-ogg: 62fdf1f143b41e24485cea50d1cbac27 -> 
  custom:video-encoder-webm-vp8: eb34c28f22e8b96e1ab97ce403110664 -> 
  custom:video-decoder-webm-vp8: 9c59270c3fd7afecdb556c50c9e8de78 -> 
  custom:audio-decoder-ogg-vorbis: bf7c407c2cedff20999df2af8eb42d56 -> 
  custom:audio-encoder-webm-vorbis: bf7c407c2cedff20999df2af8eb42d56 -> 
========================================================================
Received Prepare
Registering precompiled user dll's ...
Registered in 0.003767 seconds.
Begin MonoManager ReloadAssembly
Symbol file LoadedFromMemory doesn't match image D:\Coop game\First_demo\Coop game\Assets\Photon\PhotonLibs\netstandard2.0\Photon3Unity3D.dll
Native extension for WindowsStandalone target not found
Refreshing native plugins compatible for Editor in 0.63 ms, found 3 plugins.
Preloading 0 native plugins for Editor in 0.00 ms.
Mono: successfully reloaded assembly
- Completed reload, in  0.905 seconds
Platform modules already initialized, skipping
Refreshing native plugins compatible for Editor in 0.63 ms, found 3 plugins.
Preloading 0 native plugins for Editor in 0.00 ms.
Unloading 2315 Unused Serialized files (Serialized files now loaded: 0)
System memory in use before: 103.6 MB.
System memory in use after: 103.7 MB.

Unloading 26 unused Assets to reduce memory usage. Loaded Objects now: 2775.
Total: 2.210100 ms (FindLiveObjects: 0.239700 ms CreateObjectMapping: 0.060900 ms MarkObjects: 1.803800 ms  DeleteObjects: 0.104500 ms)

AssetImportParameters requested are different than current active one (requested -> active):
  custom:framework-win-MediaFoundation: 216162199b28c13a410421893ffa2e32 -> 
  custom:video-decoder-ogg-theora: a1e56fd34408186e4bbccfd4996cb3dc -> 
  custom:container-muxer-webm: aa71ff27fc2769a1b78a27578f13a17b -> 
  custom:container-demuxer-webm: 4f35f7cbe854078d1ac9338744f61a02 -> 
  custom:container-demuxer-ogg: 62fdf1f143b41e24485cea50d1cbac27 -> 
  custom:video-encoder-webm-vp8: eb34c28f22e8b96e1ab97ce403110664 -> 
  custom:video-decoder-webm-vp8: 9c59270c3fd7afecdb556c50c9e8de78 -> 
  custom:audio-decoder-ogg-vorbis: bf7c407c2cedff20999df2af8eb42d56 -> 
  custom:audio-encoder-webm-vorbis: bf7c407c2cedff20999df2af8eb42d56 -> 
========================================================================
Received Import Request.
  Time since last request: 716.986000 seconds.
  path: Assets/Project Files/Scripts/Score.cs
  artifactKey: Guid(81e3b5b3e9306a3448c0fceb2de084b1) Importer(815301076,1909f56bfc062723c751e8b465ee728b)
Start importing Assets/Project Files/Scripts/Score.cs using Guid(81e3b5b3e9306a3448c0fceb2de084b1) Importer(815301076,1909f56bfc062723c751e8b465ee728b)  -> (artifact id: '0f53107256afcb5a4204b23cdd0445ea') in 0.008565 seconds 
  Import took 0.014323 seconds .

========================================================================
Received Import Request.
  Time since last request: 0.017687 seconds.
  path: Assets/Project Files/Scripts/Score.cs
  artifactKey: Guid(81e3b5b3e9306a3448c0fceb2de084b1) Importer(815301076,1909f56bfc062723c751e8b465ee728b)
Start importing Assets/Project Files/Scripts/Score.cs using Guid(81e3b5b3e9306a3448c0fceb2de084b1) Importer(815301076,1909f56bfc062723c751e8b465ee728b)  -> (artifact id: '0f53107256afcb5a4204b23cdd0445ea') in 0.001595 seconds 
  Import took 0.005912 seconds .

========================================================================
Received Import Request.
  Time since last request: 7.095842 seconds.
  path: Assets/Project Files/Scripts/MongoUtils
  artifactKey: Guid(d9de9a9142583c3488e64c08d4b6d125) Importer(815301076,1909f56bfc062723c751e8b465ee728b)
Start importing Assets/Project Files/Scripts/MongoUtils using Guid(d9de9a9142583c3488e64c08d4b6d125) Importer(815301076,1909f56bfc062723c751e8b465ee728b)  -> (artifact id: '339cf907e2e099a1b7bba7376fb7db74') in 0.001660 seconds 
  Import took 0.005553 seconds .

========================================================================
Received Import Request.
  Time since last request: 0.002601 seconds.
  path: Assets/Project Files/Scripts/MongoUtils
  artifactKey: Guid(d9de9a9142583c3488e64c08d4b6d125) Importer(815301076,1909f56bfc062723c751e8b465ee728b)
Start importing Assets/Project Files/Scripts/MongoUtils using Guid(d9de9a9142583c3488e64c08d4b6d125) Importer(815301076,1909f56bfc062723c751e8b465ee728b)  -> (artifact id: '339cf907e2e099a1b7bba7376fb7db74') in 0.001456 seconds 
  Import took 0.004758 seconds .

